2020-04-10 00:31:20.802 INFO [main][RunApplication.java:21] - properties config injected.
2020-04-10 00:31:21.548 INFO [main][RunApplication.java:21] - åŠ è½½ä¾èµ– >> {TYPE=class com.forte.qqrobot.depend.DependCenter, NAME='DependCenter'}
2020-04-10 00:31:21.554 INFO [main][RunApplication.java:21] - åŠ è½½ä¾èµ– >> {TYPE=class com.forte.qqrobot.utils.CQCodeUtil, NAME='CQCodeUtil'}
2020-04-10 00:31:21.558 INFO [main][RunApplication.java:21] - åŠ è½½ä¾èµ– >> {TYPE=class com.forte.component.forcoolqhttpapi.CoolQHttpApplication, NAME='CoolQHttpApplication'}
2020-04-10 00:31:21.572 INFO [main][RunApplication.java:21] - åŠ è½½ä¾èµ– >> {TYPE=class com.CQA.Listener.OnmyoijiListener.Onmyojfengmo, NAME='onmyojfengmo'}
2020-04-10 00:31:21.574 INFO [main][RunApplication.java:21] - åŠ è½½ä¾èµ– >> {TYPE=class com.CQA.Intercept.MyMsgIntercept, NAME='myMsgIntercept'}
2020-04-10 00:31:21.574 INFO [main][RunApplication.java:21] - åŠ è½½ä¾èµ– >> {TYPE=class com.CQA.Bean.Groupable, NAME='groupable'}
2020-04-10 00:31:21.574 INFO [main][RunApplication.java:21] - åŠ è½½ä¾èµ– >> {TYPE=class com.CQA.Listener.OnmyoijiListener.Onmyojguiwang, NAME='onmyojguiwang'}
2020-04-10 00:31:21.575 INFO [main][RunApplication.java:21] - åŠ è½½ä¾èµ– >> {TYPE=class com.CQA.Listener.GroupListener, NAME='groupListener'}
2020-04-10 00:31:21.575 INFO [main][RunApplication.java:21] - åŠ è½½ä¾èµ– >> {TYPE=class com.CQA.Listener.OnmyoijiListener.OnmyojSenderList, NAME='onmyojSenderList'}
2020-04-10 00:31:21.575 INFO [main][RunApplication.java:21] - åŠ è½½ä¾èµ– >> {TYPE=class com.CQA.Listener.PrivateListener, NAME='privateListener'}
2020-04-10 00:31:21.607 INFO [main][RunApplication.java:21] - åŠ è½½ä¾èµ– >> {TYPE=class com.forte.component.forcoolqhttpapi.CoolQHttpConfiguration, NAME='coolQHttpConfiguration'}
2020-04-10 00:31:21.609 INFO [main][RunApplication.java:21] - åŠ è½½ä¾èµ– >> {TYPE=class com.forte.qqrobot.BaseApplication$$Lambda$151/1542520418, NAME='baseApplication$$Lambda$151/1542520418'}
2020-04-10 00:31:21.610 INFO [main][RunApplication.java:21] - åŠ è½½ä¾èµ– >> {TYPE=class com.forte.qqrobot.BaseConfiguration$$Lambda$152/1827171553, NAME='baseConfiguration$$Lambda$152/1827171553'}
2020-04-10 00:31:21.613 INFO [main][RunApplication.java:21] - åŠ è½½ä¾èµ– >> {TYPE=class com.forte.qqrobot.bot.BotManagerImpl, NAME='botManagerImpl'}
2020-04-10 00:31:21.624 INFO [main][RunApplication.java:21] - ç›‘å¬å‡½æ•°åŠ è½½æˆåŠŸï¼[com.CQA.Listener.GroupListener#helpListen2]
2020-04-10 00:31:21.624 INFO [main][RunApplication.java:21] - ç›‘å¬å‡½æ•°åŠ è½½æˆåŠŸï¼[com.CQA.Listener.GroupListener#signListen2]
2020-04-10 00:31:21.625 INFO [main][RunApplication.java:21] - ç›‘å¬å‡½æ•°åŠ è½½æˆåŠŸï¼[com.CQA.Listener.GroupListener#suggestListen2]
2020-04-10 00:31:21.626 INFO [main][RunApplication.java:21] - ç›‘å¬å‡½æ•°åŠ è½½æˆåŠŸï¼[com.CQA.Listener.PrivateListener#groupclose]
2020-04-10 00:31:21.626 INFO [main][RunApplication.java:21] - ç›‘å¬å‡½æ•°åŠ è½½æˆåŠŸï¼[com.CQA.Listener.PrivateListener#groupopen]
2020-04-10 00:31:21.626 INFO [main][RunApplication.java:21] - ç›‘å¬å‡½æ•°åŠ è½½æˆåŠŸï¼[com.CQA.Listener.PrivateListener#groupstatus]
2020-04-10 00:31:21.626 INFO [main][RunApplication.java:21] - ç›‘å¬å‡½æ•°åŠ è½½æˆåŠŸï¼[com.CQA.Listener.PrivateListener#testListen1]
2020-04-10 00:31:21.636 INFO [main][RunApplication.java:21] - åŠ è½½ä¾èµ– >> {TYPE=class com.forte.qqrobot.listener.invoker.ListenerManager, NAME='listenerManager'}
2020-04-10 00:31:22.493 INFO [main][RunApplication.java:21] - è´¦å·[Avalon(2229181390)]æ³¨å†ŒæˆåŠŸï¼
2020-04-10 00:31:22.493 INFO [main][RunApplication.java:21] - åŠ è½½ä¾èµ– >> {TYPE=class com.forte.qqrobot.BotRuntime, NAME='botRuntime'}
2020-04-10 00:31:22.507 INFO [main][RunApplication.java:21] - åŠ è½½ä¾èµ– >> {TYPE=class com.forte.component.forcoolqhttpapi.server.CoolQHttpServer, NAME='CoolQHttpServer'}
2020-04-10 00:31:22.507 INFO [main][RunApplication.java:21] - ç›‘å¬ç½‘å€   ï¼šhttp://[::]:15514/coolq
2020-04-10 00:31:22.507 INFO [main][RunApplication.java:21] - ç³»ç»Ÿåç§°: Windows 10
2020-04-10 00:31:22.508 INFO [main][RunApplication.java:21] - ç³»ç»Ÿç‰ˆæœ¬: 10.0
2020-04-10 00:31:22.508 INFO [main][RunApplication.java:21] - çº¿ç¨‹é˜»å¡ç³»æ•°ï¼š[32m0.0[0m
2020-04-10 00:31:22.508 INFO [main][RunApplication.java:21] - çº¿ç¨‹æ± æ ¸å¿ƒå¤§å°ï¼š[32m6[0m
2020-04-10 00:31:22.508 INFO [main][RunApplication.java:21] - çº¿ç¨‹æ± æœ€å¤§å¤§å°ï¼š[32m13[0m
2020-04-10 00:31:22.508 INFO [main][RunApplication.java:21] - è´¦å·ä¿¡æ¯è·å–æˆåŠŸ: è´¦å·: [32m2229181390[0m, æ˜µç§°: [32mAvalon[0m, ç­‰çº§: [32m28[0m
2020-04-10 00:31:22.527 INFO [main][StdSchedulerFactory.java:1220] - Using default implementation for ThreadExecutor
2020-04-10 00:31:22.529 INFO [main][SimpleThreadPool.java:268] - Job execution threads will use class loader of thread: main
2020-04-10 00:31:22.537 INFO [main][SchedulerSignalerImpl.java:61] - Initialized Scheduler Signaller of type: class org.quartz.core.SchedulerSignalerImpl
2020-04-10 00:31:22.537 INFO [main][QuartzScheduler.java:229] - Quartz Scheduler v.2.3.2 created.
2020-04-10 00:31:22.538 INFO [main][RAMJobStore.java:155] - RAMJobStore initialized.
2020-04-10 00:31:22.538 INFO [main][QuartzScheduler.java:294] - Scheduler meta-data: Quartz Scheduler (v2.3.2) 'DefaultQuartzScheduler' with instanceId 'NON_CLUSTERED'
  Scheduler class: 'org.quartz.core.QuartzScheduler' - running locally.
  NOT STARTED.
  Currently in standby mode.
  Number of jobs executed: 0
  Using thread pool 'org.quartz.simpl.SimpleThreadPool' - with 10 threads.
  Using job-store 'org.quartz.simpl.RAMJobStore' - which does not support persistence. and is not clustered.

2020-04-10 00:31:22.538 INFO [main][StdSchedulerFactory.java:1374] - Quartz scheduler 'DefaultQuartzScheduler' initialized from default resource file in Quartz package: 'quartz.properties'
2020-04-10 00:31:22.538 INFO [main][StdSchedulerFactory.java:1378] - Quartz scheduler version: 2.3.2
2020-04-10 00:31:22.538 INFO [main][QuartzScheduler.java:547] - Scheduler DefaultQuartzScheduler_$_NON_CLUSTERED started.
2020-04-10 00:31:22.544 INFO [main][RunApplication.java:21] - åŠ è½½å®šæ—¶ä»»åŠ¡æˆåŠŸï¼[Onmyojfengmo]
2020-04-10 00:31:22.545 INFO [main][QuartzScheduler.java:547] - Scheduler DefaultQuartzScheduler_$_NON_CLUSTERED started.
2020-04-10 00:31:22.545 INFO [main][RunApplication.java:21] - åŠ è½½å®šæ—¶ä»»åŠ¡æˆåŠŸï¼[Onmyojguiwang]
2020-04-10 00:31:22.545 INFO [main][QuartzScheduler.java:547] - Scheduler DefaultQuartzScheduler_$_NON_CLUSTERED started.
2020-04-10 00:31:22.548 INFO [main][RunApplication.java:21] - [36mCQ HTTP ç»„ä»¶ç›‘å¬æœåŠ¡å™¨[0må¯åŠ¨æˆåŠŸ, è€—æ—¶ 1,793 ms
2020-04-10 00:32:00.005 INFO [DefaultQuartzScheduler_Worker-1][RunApplication.java:21] - æ¯æ—¥é€¢é­”æé†’
2020-04-10 00:32:00.603 INFO [DefaultQuartzScheduler_Worker-1][RunApplication.java:21] - æ¯å‘¨é¬¼ç‹æé†’å®Œæˆ
2020-04-10 00:32:31.042 INFO [main][RunApplication.java:21] - properties config injected.
2020-04-10 00:32:31.765 INFO [main][RunApplication.java:21] - åŠ è½½ä¾èµ– >> {TYPE=class com.forte.qqrobot.depend.DependCenter, NAME='DependCenter'}
2020-04-10 00:32:31.770 INFO [main][RunApplication.java:21] - åŠ è½½ä¾èµ– >> {TYPE=class com.forte.qqrobot.utils.CQCodeUtil, NAME='CQCodeUtil'}
2020-04-10 00:32:31.774 INFO [main][RunApplication.java:21] - åŠ è½½ä¾èµ– >> {TYPE=class com.forte.component.forcoolqhttpapi.CoolQHttpApplication, NAME='CoolQHttpApplication'}
2020-04-10 00:32:31.787 INFO [main][RunApplication.java:21] - åŠ è½½ä¾èµ– >> {TYPE=class com.CQA.Listener.GroupListener, NAME='groupListener'}
2020-04-10 00:32:31.787 INFO [main][RunApplication.java:21] - åŠ è½½ä¾èµ– >> {TYPE=class com.CQA.Listener.OnmyoijiListener.OnmyojSenderList, NAME='onmyojSenderList'}
2020-04-10 00:32:31.789 INFO [main][RunApplication.java:21] - åŠ è½½ä¾èµ– >> {TYPE=class com.CQA.Listener.PrivateListener, NAME='privateListener'}
2020-04-10 00:32:31.790 INFO [main][RunApplication.java:21] - åŠ è½½ä¾èµ– >> {TYPE=class com.CQA.Listener.OnmyoijiListener.Onmyojguiwang, NAME='onmyojguiwang'}
2020-04-10 00:32:31.790 INFO [main][RunApplication.java:21] - åŠ è½½ä¾èµ– >> {TYPE=class com.CQA.Bean.Groupable, NAME='groupable'}
2020-04-10 00:32:31.790 INFO [main][RunApplication.java:21] - åŠ è½½ä¾èµ– >> {TYPE=class com.CQA.Listener.OnmyoijiListener.Onmyojfengmo, NAME='onmyojfengmo'}
2020-04-10 00:32:31.791 INFO [main][RunApplication.java:21] - åŠ è½½ä¾èµ– >> {TYPE=class com.CQA.Intercept.MyMsgIntercept, NAME='myMsgIntercept'}
2020-04-10 00:32:31.824 INFO [main][RunApplication.java:21] - åŠ è½½ä¾èµ– >> {TYPE=class com.forte.component.forcoolqhttpapi.CoolQHttpConfiguration, NAME='coolQHttpConfiguration'}
2020-04-10 00:32:31.826 INFO [main][RunApplication.java:21] - åŠ è½½ä¾èµ– >> {TYPE=class com.forte.qqrobot.BaseApplication$$Lambda$151/940087898, NAME='baseApplication$$Lambda$151/940087898'}
2020-04-10 00:32:31.827 INFO [main][RunApplication.java:21] - åŠ è½½ä¾èµ– >> {TYPE=class com.forte.qqrobot.BaseConfiguration$$Lambda$152/1021258849, NAME='baseConfiguration$$Lambda$152/1021258849'}
2020-04-10 00:32:31.830 INFO [main][RunApplication.java:21] - åŠ è½½ä¾èµ– >> {TYPE=class com.forte.qqrobot.bot.BotManagerImpl, NAME='botManagerImpl'}
2020-04-10 00:32:31.839 INFO [main][RunApplication.java:21] - ç›‘å¬å‡½æ•°åŠ è½½æˆåŠŸï¼[com.CQA.Listener.GroupListener#signListen2]
2020-04-10 00:32:31.839 INFO [main][RunApplication.java:21] - ç›‘å¬å‡½æ•°åŠ è½½æˆåŠŸï¼[com.CQA.Listener.GroupListener#suggestListen2]
2020-04-10 00:32:31.839 INFO [main][RunApplication.java:21] - ç›‘å¬å‡½æ•°åŠ è½½æˆåŠŸï¼[com.CQA.Listener.GroupListener#helpListen2]
2020-04-10 00:32:31.841 INFO [main][RunApplication.java:21] - ç›‘å¬å‡½æ•°åŠ è½½æˆåŠŸï¼[com.CQA.Listener.PrivateListener#groupclose]
2020-04-10 00:32:31.841 INFO [main][RunApplication.java:21] - ç›‘å¬å‡½æ•°åŠ è½½æˆåŠŸï¼[com.CQA.Listener.PrivateListener#groupstatus]
2020-04-10 00:32:31.841 INFO [main][RunApplication.java:21] - ç›‘å¬å‡½æ•°åŠ è½½æˆåŠŸï¼[com.CQA.Listener.PrivateListener#testListen1]
2020-04-10 00:32:31.841 INFO [main][RunApplication.java:21] - ç›‘å¬å‡½æ•°åŠ è½½æˆåŠŸï¼[com.CQA.Listener.PrivateListener#groupopen]
2020-04-10 00:32:31.852 INFO [main][RunApplication.java:21] - åŠ è½½ä¾èµ– >> {TYPE=class com.forte.qqrobot.listener.invoker.ListenerManager, NAME='listenerManager'}
2020-04-10 00:32:32.920 INFO [main][RunApplication.java:21] - è´¦å·[Avalon(2229181390)]æ³¨å†ŒæˆåŠŸï¼
2020-04-10 00:32:32.921 INFO [main][RunApplication.java:21] - åŠ è½½ä¾èµ– >> {TYPE=class com.forte.qqrobot.BotRuntime, NAME='botRuntime'}
2020-04-10 00:32:32.935 INFO [main][RunApplication.java:21] - åŠ è½½ä¾èµ– >> {TYPE=class com.forte.component.forcoolqhttpapi.server.CoolQHttpServer, NAME='CoolQHttpServer'}
2020-04-10 00:32:32.935 INFO [main][RunApplication.java:21] - ç›‘å¬ç½‘å€   ï¼šhttp://[::]:15514/coolq
2020-04-10 00:32:32.935 INFO [main][RunApplication.java:21] - ç³»ç»Ÿåç§°: Windows 10
2020-04-10 00:32:32.936 INFO [main][RunApplication.java:21] - ç³»ç»Ÿç‰ˆæœ¬: 10.0
2020-04-10 00:32:32.936 INFO [main][RunApplication.java:21] - çº¿ç¨‹é˜»å¡ç³»æ•°ï¼š[32m0.0[0m
2020-04-10 00:32:32.936 INFO [main][RunApplication.java:21] - çº¿ç¨‹æ± æ ¸å¿ƒå¤§å°ï¼š[32m6[0m
2020-04-10 00:32:32.936 INFO [main][RunApplication.java:21] - çº¿ç¨‹æ± æœ€å¤§å¤§å°ï¼š[32m13[0m
2020-04-10 00:32:32.936 INFO [main][RunApplication.java:21] - è´¦å·ä¿¡æ¯è·å–æˆåŠŸ: è´¦å·: [32m2229181390[0m, æ˜µç§°: [32mAvalon[0m, ç­‰çº§: [32m28[0m
2020-04-10 00:32:32.956 INFO [main][StdSchedulerFactory.java:1220] - Using default implementation for ThreadExecutor
2020-04-10 00:32:32.957 INFO [main][SimpleThreadPool.java:268] - Job execution threads will use class loader of thread: main
2020-04-10 00:32:32.965 INFO [main][SchedulerSignalerImpl.java:61] - Initialized Scheduler Signaller of type: class org.quartz.core.SchedulerSignalerImpl
2020-04-10 00:32:32.965 INFO [main][QuartzScheduler.java:229] - Quartz Scheduler v.2.3.2 created.
2020-04-10 00:32:32.966 INFO [main][RAMJobStore.java:155] - RAMJobStore initialized.
2020-04-10 00:32:32.966 INFO [main][QuartzScheduler.java:294] - Scheduler meta-data: Quartz Scheduler (v2.3.2) 'DefaultQuartzScheduler' with instanceId 'NON_CLUSTERED'
  Scheduler class: 'org.quartz.core.QuartzScheduler' - running locally.
  NOT STARTED.
  Currently in standby mode.
  Number of jobs executed: 0
  Using thread pool 'org.quartz.simpl.SimpleThreadPool' - with 10 threads.
  Using job-store 'org.quartz.simpl.RAMJobStore' - which does not support persistence. and is not clustered.

2020-04-10 00:32:32.966 INFO [main][StdSchedulerFactory.java:1374] - Quartz scheduler 'DefaultQuartzScheduler' initialized from default resource file in Quartz package: 'quartz.properties'
2020-04-10 00:32:32.966 INFO [main][StdSchedulerFactory.java:1378] - Quartz scheduler version: 2.3.2
2020-04-10 00:32:32.967 INFO [main][QuartzScheduler.java:547] - Scheduler DefaultQuartzScheduler_$_NON_CLUSTERED started.
2020-04-10 00:32:32.973 INFO [main][RunApplication.java:21] - åŠ è½½å®šæ—¶ä»»åŠ¡æˆåŠŸï¼[Onmyojguiwang]
2020-04-10 00:32:32.973 INFO [main][QuartzScheduler.java:547] - Scheduler DefaultQuartzScheduler_$_NON_CLUSTERED started.
2020-04-10 00:32:32.974 INFO [main][RunApplication.java:21] - åŠ è½½å®šæ—¶ä»»åŠ¡æˆåŠŸï¼[Onmyojfengmo]
2020-04-10 00:32:32.974 INFO [main][QuartzScheduler.java:547] - Scheduler DefaultQuartzScheduler_$_NON_CLUSTERED started.
2020-04-10 00:32:32.976 INFO [main][RunApplication.java:21] - [36mCQ HTTP ç»„ä»¶ç›‘å¬æœåŠ¡å™¨[0må¯åŠ¨æˆåŠŸ, è€—æ—¶ 1,975 ms
2020-04-10 00:35:44.351 INFO [main][RunApplication.java:21] - properties config injected.
2020-04-10 00:35:45.083 INFO [main][RunApplication.java:21] - åŠ è½½ä¾èµ– >> {TYPE=class com.forte.qqrobot.depend.DependCenter, NAME='DependCenter'}
2020-04-10 00:35:45.088 INFO [main][RunApplication.java:21] - åŠ è½½ä¾èµ– >> {TYPE=class com.forte.qqrobot.utils.CQCodeUtil, NAME='CQCodeUtil'}
2020-04-10 00:35:45.091 INFO [main][RunApplication.java:21] - åŠ è½½ä¾èµ– >> {TYPE=class com.forte.component.forcoolqhttpapi.CoolQHttpApplication, NAME='CoolQHttpApplication'}
2020-04-10 00:35:45.105 INFO [main][RunApplication.java:21] - åŠ è½½ä¾èµ– >> {TYPE=class com.CQA.Listener.GroupListener, NAME='groupListener'}
2020-04-10 00:35:45.105 INFO [main][RunApplication.java:21] - åŠ è½½ä¾èµ– >> {TYPE=class com.CQA.Listener.OnmyoijiListener.OnmyojSenderList, NAME='onmyojSenderList'}
2020-04-10 00:35:45.107 INFO [main][RunApplication.java:21] - åŠ è½½ä¾èµ– >> {TYPE=class com.CQA.Listener.PrivateListener, NAME='privateListener'}
2020-04-10 00:35:45.107 INFO [main][RunApplication.java:21] - åŠ è½½ä¾èµ– >> {TYPE=class com.CQA.Listener.OnmyoijiListener.Onmyojguiwang, NAME='onmyojguiwang'}
2020-04-10 00:35:45.107 INFO [main][RunApplication.java:21] - åŠ è½½ä¾èµ– >> {TYPE=class com.CQA.Bean.Groupable, NAME='groupable'}
2020-04-10 00:35:45.108 INFO [main][RunApplication.java:21] - åŠ è½½ä¾èµ– >> {TYPE=class com.CQA.Listener.OnmyoijiListener.Onmyojfengmo, NAME='onmyojfengmo'}
2020-04-10 00:35:45.108 INFO [main][RunApplication.java:21] - åŠ è½½ä¾èµ– >> {TYPE=class com.CQA.Intercept.MyMsgIntercept, NAME='myMsgIntercept'}
2020-04-10 00:35:45.140 INFO [main][RunApplication.java:21] - åŠ è½½ä¾èµ– >> {TYPE=class com.forte.component.forcoolqhttpapi.CoolQHttpConfiguration, NAME='coolQHttpConfiguration'}
2020-04-10 00:35:45.142 INFO [main][RunApplication.java:21] - åŠ è½½ä¾èµ– >> {TYPE=class com.forte.qqrobot.BaseApplication$$Lambda$151/940087898, NAME='baseApplication$$Lambda$151/940087898'}
2020-04-10 00:35:45.143 INFO [main][RunApplication.java:21] - åŠ è½½ä¾èµ– >> {TYPE=class com.forte.qqrobot.BaseConfiguration$$Lambda$152/1021258849, NAME='baseConfiguration$$Lambda$152/1021258849'}
2020-04-10 00:35:45.146 INFO [main][RunApplication.java:21] - åŠ è½½ä¾èµ– >> {TYPE=class com.forte.qqrobot.bot.BotManagerImpl, NAME='botManagerImpl'}
2020-04-10 00:35:45.155 INFO [main][RunApplication.java:21] - ç›‘å¬å‡½æ•°åŠ è½½æˆåŠŸï¼[com.CQA.Listener.GroupListener#helpListen2]
2020-04-10 00:35:45.155 INFO [main][RunApplication.java:21] - ç›‘å¬å‡½æ•°åŠ è½½æˆåŠŸï¼[com.CQA.Listener.GroupListener#signListen2]
2020-04-10 00:35:45.155 INFO [main][RunApplication.java:21] - ç›‘å¬å‡½æ•°åŠ è½½æˆåŠŸï¼[com.CQA.Listener.GroupListener#suggestListen2]
2020-04-10 00:35:45.157 INFO [main][RunApplication.java:21] - ç›‘å¬å‡½æ•°åŠ è½½æˆåŠŸï¼[com.CQA.Listener.PrivateListener#groupclose]
2020-04-10 00:35:45.157 INFO [main][RunApplication.java:21] - ç›‘å¬å‡½æ•°åŠ è½½æˆåŠŸï¼[com.CQA.Listener.PrivateListener#groupopen]
2020-04-10 00:35:45.157 INFO [main][RunApplication.java:21] - ç›‘å¬å‡½æ•°åŠ è½½æˆåŠŸï¼[com.CQA.Listener.PrivateListener#groupstatus]
2020-04-10 00:35:45.157 INFO [main][RunApplication.java:21] - ç›‘å¬å‡½æ•°åŠ è½½æˆåŠŸï¼[com.CQA.Listener.PrivateListener#testListen1]
2020-04-10 00:35:45.169 INFO [main][RunApplication.java:21] - åŠ è½½ä¾èµ– >> {TYPE=class com.forte.qqrobot.listener.invoker.ListenerManager, NAME='listenerManager'}
2020-04-10 00:35:46.472 INFO [main][RunApplication.java:21] - è´¦å·[Avalon(2229181390)]æ³¨å†ŒæˆåŠŸï¼
2020-04-10 00:35:46.472 INFO [main][RunApplication.java:21] - åŠ è½½ä¾èµ– >> {TYPE=class com.forte.qqrobot.BotRuntime, NAME='botRuntime'}
2020-04-10 00:35:46.486 INFO [main][RunApplication.java:21] - åŠ è½½ä¾èµ– >> {TYPE=class com.forte.component.forcoolqhttpapi.server.CoolQHttpServer, NAME='CoolQHttpServer'}
2020-04-10 00:35:46.486 INFO [main][RunApplication.java:21] - ç›‘å¬ç½‘å€   ï¼šhttp://[::]:15514/coolq
2020-04-10 00:35:46.486 INFO [main][RunApplication.java:21] - ç³»ç»Ÿåç§°: Windows 10
2020-04-10 00:35:46.487 INFO [main][RunApplication.java:21] - ç³»ç»Ÿç‰ˆæœ¬: 10.0
2020-04-10 00:35:46.487 INFO [main][RunApplication.java:21] - çº¿ç¨‹é˜»å¡ç³»æ•°ï¼š[32m0.0[0m
2020-04-10 00:35:46.487 INFO [main][RunApplication.java:21] - çº¿ç¨‹æ± æ ¸å¿ƒå¤§å°ï¼š[32m6[0m
2020-04-10 00:35:46.487 INFO [main][RunApplication.java:21] - çº¿ç¨‹æ± æœ€å¤§å¤§å°ï¼š[32m13[0m
2020-04-10 00:35:46.487 INFO [main][RunApplication.java:21] - è´¦å·ä¿¡æ¯è·å–æˆåŠŸ: è´¦å·: [32m2229181390[0m, æ˜µç§°: [32mAvalon[0m, ç­‰çº§: [32m28[0m
2020-04-10 00:35:46.508 INFO [main][StdSchedulerFactory.java:1220] - Using default implementation for ThreadExecutor
2020-04-10 00:35:46.510 INFO [main][SimpleThreadPool.java:268] - Job execution threads will use class loader of thread: main
2020-04-10 00:35:46.519 INFO [main][SchedulerSignalerImpl.java:61] - Initialized Scheduler Signaller of type: class org.quartz.core.SchedulerSignalerImpl
2020-04-10 00:35:46.519 INFO [main][QuartzScheduler.java:229] - Quartz Scheduler v.2.3.2 created.
2020-04-10 00:35:46.520 INFO [main][RAMJobStore.java:155] - RAMJobStore initialized.
2020-04-10 00:35:46.520 INFO [main][QuartzScheduler.java:294] - Scheduler meta-data: Quartz Scheduler (v2.3.2) 'DefaultQuartzScheduler' with instanceId 'NON_CLUSTERED'
  Scheduler class: 'org.quartz.core.QuartzScheduler' - running locally.
  NOT STARTED.
  Currently in standby mode.
  Number of jobs executed: 0
  Using thread pool 'org.quartz.simpl.SimpleThreadPool' - with 10 threads.
  Using job-store 'org.quartz.simpl.RAMJobStore' - which does not support persistence. and is not clustered.

2020-04-10 00:35:46.521 INFO [main][StdSchedulerFactory.java:1374] - Quartz scheduler 'DefaultQuartzScheduler' initialized from default resource file in Quartz package: 'quartz.properties'
2020-04-10 00:35:46.521 INFO [main][StdSchedulerFactory.java:1378] - Quartz scheduler version: 2.3.2
2020-04-10 00:35:46.521 INFO [main][QuartzScheduler.java:547] - Scheduler DefaultQuartzScheduler_$_NON_CLUSTERED started.
2020-04-10 00:35:46.527 INFO [main][RunApplication.java:21] - åŠ è½½å®šæ—¶ä»»åŠ¡æˆåŠŸï¼[Onmyojguiwang]
2020-04-10 00:35:46.527 INFO [main][QuartzScheduler.java:547] - Scheduler DefaultQuartzScheduler_$_NON_CLUSTERED started.
2020-04-10 00:35:46.528 INFO [main][RunApplication.java:21] - åŠ è½½å®šæ—¶ä»»åŠ¡æˆåŠŸï¼[Onmyojfengmo]
2020-04-10 00:35:46.528 INFO [main][QuartzScheduler.java:547] - Scheduler DefaultQuartzScheduler_$_NON_CLUSTERED started.
2020-04-10 00:35:46.530 INFO [main][RunApplication.java:21] - [36mCQ HTTP ç»„ä»¶ç›‘å¬æœåŠ¡å™¨[0må¯åŠ¨æˆåŠŸ, è€—æ—¶ 2,220 ms
2020-04-10 01:57:12.873 INFO [main][RunApplication.java:21] - properties config injected.
2020-04-10 01:57:13.611 INFO [main][RunApplication.java:21] - åŠ è½½ä¾èµ– >> {TYPE=class com.forte.qqrobot.depend.DependCenter, NAME='DependCenter'}
2020-04-10 01:57:13.615 INFO [main][RunApplication.java:21] - åŠ è½½ä¾èµ– >> {TYPE=class com.forte.qqrobot.utils.CQCodeUtil, NAME='CQCodeUtil'}
2020-04-10 01:57:13.619 INFO [main][RunApplication.java:21] - åŠ è½½ä¾èµ– >> {TYPE=class com.forte.component.forcoolqhttpapi.CoolQHttpApplication, NAME='CoolQHttpApplication'}
2020-04-10 01:57:13.637 INFO [main][RunApplication.java:21] - åŠ è½½ä¾èµ– >> {TYPE=class com.CQA.Listener.GroupListener, NAME='groupListener'}
2020-04-10 01:57:13.639 INFO [main][RunApplication.java:21] - åŠ è½½ä¾èµ– >> {TYPE=class com.CQA.Listener.PrivateListener, NAME='privateListener'}
2020-04-10 01:57:13.640 INFO [main][RunApplication.java:21] - åŠ è½½ä¾èµ– >> {TYPE=class com.CQA.Listener.OnmyoijiListener.OnmyojSenderList, NAME='onmyojSenderList'}
2020-04-10 01:57:13.640 INFO [main][RunApplication.java:21] - åŠ è½½ä¾èµ– >> {TYPE=class com.CQA.Listener.OnmyoijiListener.OnmyojfengmoEnd, NAME='onmyojfengmoEnd'}
2020-04-10 01:57:13.640 INFO [main][RunApplication.java:21] - åŠ è½½ä¾èµ– >> {TYPE=class com.CQA.Listener.OnmyoijiListener.OnmyojyinjieEnd, NAME='onmyojyinjieEnd'}
2020-04-10 01:57:13.640 INFO [main][RunApplication.java:21] - åŠ è½½ä¾èµ– >> {TYPE=class com.CQA.Listener.OnmyoijiListener.Onmyojfengmo, NAME='onmyojfengmo'}
2020-04-10 01:57:13.641 INFO [main][RunApplication.java:21] - åŠ è½½ä¾èµ– >> {TYPE=class com.CQA.Listener.OnmyoijiListener.Onmyojyinjiestart, NAME='onmyojyinjiestart'}
2020-04-10 01:57:13.641 INFO [main][RunApplication.java:21] - åŠ è½½ä¾èµ– >> {TYPE=class com.CQA.Listener.OnmyoijiListener.OnmyojdaoguanFriToSun, NAME='onmyojdaoguanFriToSun'}
2020-04-10 01:57:13.641 INFO [main][RunApplication.java:21] - åŠ è½½ä¾èµ– >> {TYPE=class com.CQA.Intercept.MyMsgIntercept, NAME='myMsgIntercept'}
2020-04-10 01:57:13.641 INFO [main][RunApplication.java:21] - åŠ è½½ä¾èµ– >> {TYPE=class com.CQA.Listener.OnmyoijiListener.Onmyojguiwang, NAME='onmyojguiwang'}
2020-04-10 01:57:13.642 INFO [main][RunApplication.java:21] - åŠ è½½ä¾èµ– >> {TYPE=class com.CQA.Bean.Groupable, NAME='groupable'}
2020-04-10 01:57:13.671 INFO [main][RunApplication.java:21] - åŠ è½½ä¾èµ– >> {TYPE=class com.forte.component.forcoolqhttpapi.CoolQHttpConfiguration, NAME='coolQHttpConfiguration'}
2020-04-10 01:57:13.673 INFO [main][RunApplication.java:21] - åŠ è½½ä¾èµ– >> {TYPE=class com.forte.qqrobot.BaseApplication$$Lambda$151/1021258849, NAME='baseApplication$$Lambda$151/1021258849'}
2020-04-10 01:57:13.674 INFO [main][RunApplication.java:21] - åŠ è½½ä¾èµ– >> {TYPE=class com.forte.qqrobot.BaseConfiguration$$Lambda$152/1731977615, NAME='baseConfiguration$$Lambda$152/1731977615'}
2020-04-10 01:57:13.677 INFO [main][RunApplication.java:21] - åŠ è½½ä¾èµ– >> {TYPE=class com.forte.qqrobot.bot.BotManagerImpl, NAME='botManagerImpl'}
2020-04-10 01:57:13.689 INFO [main][RunApplication.java:21] - ç›‘å¬å‡½æ•°åŠ è½½æˆåŠŸï¼[com.CQA.Listener.GroupListener#repeatListen]
2020-04-10 01:57:13.689 INFO [main][RunApplication.java:21] - ç›‘å¬å‡½æ•°åŠ è½½æˆåŠŸï¼[com.CQA.Listener.GroupListener#suggestListen]
2020-04-10 01:57:13.689 INFO [main][RunApplication.java:21] - ç›‘å¬å‡½æ•°åŠ è½½æˆåŠŸï¼[com.CQA.Listener.GroupListener#helpListen]
2020-04-10 01:57:13.689 INFO [main][RunApplication.java:21] - ç›‘å¬å‡½æ•°åŠ è½½æˆåŠŸï¼[com.CQA.Listener.GroupListener#signListen]
2020-04-10 01:57:13.691 INFO [main][RunApplication.java:21] - ç›‘å¬å‡½æ•°åŠ è½½æˆåŠŸï¼[com.CQA.Listener.PrivateListener#groupopen]
2020-04-10 01:57:13.691 INFO [main][RunApplication.java:21] - ç›‘å¬å‡½æ•°åŠ è½½æˆåŠŸï¼[com.CQA.Listener.PrivateListener#testListen1]
2020-04-10 01:57:13.692 INFO [main][RunApplication.java:21] - ç›‘å¬å‡½æ•°åŠ è½½æˆåŠŸï¼[com.CQA.Listener.PrivateListener#groupstatus]
2020-04-10 01:57:13.692 INFO [main][RunApplication.java:21] - ç›‘å¬å‡½æ•°åŠ è½½æˆåŠŸï¼[com.CQA.Listener.PrivateListener#groupclose]
2020-04-10 01:57:13.710 INFO [main][RunApplication.java:21] - åŠ è½½ä¾èµ– >> {TYPE=class com.forte.qqrobot.listener.invoker.ListenerManager, NAME='listenerManager'}
2020-04-10 01:57:14.559 INFO [main][RunApplication.java:21] - è´¦å·[Avalon(2229181390)]æ³¨å†ŒæˆåŠŸï¼
2020-04-10 01:57:14.559 INFO [main][RunApplication.java:21] - åŠ è½½ä¾èµ– >> {TYPE=class com.forte.qqrobot.BotRuntime, NAME='botRuntime'}
2020-04-10 01:57:14.572 INFO [main][RunApplication.java:21] - åŠ è½½ä¾èµ– >> {TYPE=class com.forte.component.forcoolqhttpapi.server.CoolQHttpServer, NAME='CoolQHttpServer'}
2020-04-10 01:57:14.573 INFO [main][RunApplication.java:21] - ç›‘å¬ç½‘å€   ï¼šhttp://[::]:15514/coolq
2020-04-10 01:57:14.573 INFO [main][RunApplication.java:21] - ç³»ç»Ÿåç§°: Windows 10
2020-04-10 01:57:14.573 INFO [main][RunApplication.java:21] - ç³»ç»Ÿç‰ˆæœ¬: 10.0
2020-04-10 01:57:14.573 INFO [main][RunApplication.java:21] - çº¿ç¨‹é˜»å¡ç³»æ•°ï¼š[32m0.0[0m
2020-04-10 01:57:14.573 INFO [main][RunApplication.java:21] - çº¿ç¨‹æ± æ ¸å¿ƒå¤§å°ï¼š[32m6[0m
2020-04-10 01:57:14.574 INFO [main][RunApplication.java:21] - çº¿ç¨‹æ± æœ€å¤§å¤§å°ï¼š[32m13[0m
2020-04-10 01:57:14.574 INFO [main][RunApplication.java:21] - è´¦å·ä¿¡æ¯è·å–æˆåŠŸ: è´¦å·: [32m2229181390[0m, æ˜µç§°: [32mAvalon[0m, ç­‰çº§: [32m28[0m
2020-04-10 01:57:14.593 INFO [main][StdSchedulerFactory.java:1220] - Using default implementation for ThreadExecutor
2020-04-10 01:57:14.595 INFO [main][SimpleThreadPool.java:268] - Job execution threads will use class loader of thread: main
2020-04-10 01:57:14.603 INFO [main][SchedulerSignalerImpl.java:61] - Initialized Scheduler Signaller of type: class org.quartz.core.SchedulerSignalerImpl
2020-04-10 01:57:14.603 INFO [main][QuartzScheduler.java:229] - Quartz Scheduler v.2.3.2 created.
2020-04-10 01:57:14.604 INFO [main][RAMJobStore.java:155] - RAMJobStore initialized.
2020-04-10 01:57:14.604 INFO [main][QuartzScheduler.java:294] - Scheduler meta-data: Quartz Scheduler (v2.3.2) 'DefaultQuartzScheduler' with instanceId 'NON_CLUSTERED'
  Scheduler class: 'org.quartz.core.QuartzScheduler' - running locally.
  NOT STARTED.
  Currently in standby mode.
  Number of jobs executed: 0
  Using thread pool 'org.quartz.simpl.SimpleThreadPool' - with 10 threads.
  Using job-store 'org.quartz.simpl.RAMJobStore' - which does not support persistence. and is not clustered.

2020-04-10 01:57:14.604 INFO [main][StdSchedulerFactory.java:1374] - Quartz scheduler 'DefaultQuartzScheduler' initialized from default resource file in Quartz package: 'quartz.properties'
2020-04-10 01:57:14.604 INFO [main][StdSchedulerFactory.java:1378] - Quartz scheduler version: 2.3.2
2020-04-10 01:57:14.604 INFO [main][QuartzScheduler.java:547] - Scheduler DefaultQuartzScheduler_$_NON_CLUSTERED started.
2020-04-10 01:58:09.942 INFO [main][RunApplication.java:21] - properties config injected.
2020-04-10 01:58:10.705 INFO [main][RunApplication.java:21] - åŠ è½½ä¾èµ– >> {TYPE=class com.forte.qqrobot.depend.DependCenter, NAME='DependCenter'}
2020-04-10 01:58:10.710 INFO [main][RunApplication.java:21] - åŠ è½½ä¾èµ– >> {TYPE=class com.forte.qqrobot.utils.CQCodeUtil, NAME='CQCodeUtil'}
2020-04-10 01:58:10.712 INFO [main][RunApplication.java:21] - åŠ è½½ä¾èµ– >> {TYPE=class com.forte.component.forcoolqhttpapi.CoolQHttpApplication, NAME='CoolQHttpApplication'}
2020-04-10 01:58:10.727 INFO [main][RunApplication.java:21] - åŠ è½½ä¾èµ– >> {TYPE=class com.CQA.Listener.GroupListener, NAME='groupListener'}
2020-04-10 01:58:10.729 INFO [main][RunApplication.java:21] - åŠ è½½ä¾èµ– >> {TYPE=class com.CQA.Listener.PrivateListener, NAME='privateListener'}
2020-04-10 01:58:10.729 INFO [main][RunApplication.java:21] - åŠ è½½ä¾èµ– >> {TYPE=class com.CQA.Listener.OnmyoijiListener.OnmyojSenderList, NAME='onmyojSenderList'}
2020-04-10 01:58:10.730 INFO [main][RunApplication.java:21] - åŠ è½½ä¾èµ– >> {TYPE=class com.CQA.Listener.OnmyoijiListener.OnmyojfengmoEnd, NAME='onmyojfengmoEnd'}
2020-04-10 01:58:10.730 INFO [main][RunApplication.java:21] - åŠ è½½ä¾èµ– >> {TYPE=class com.CQA.Listener.OnmyoijiListener.OnmyojyinjieEnd, NAME='onmyojyinjieEnd'}
2020-04-10 01:58:10.730 INFO [main][RunApplication.java:21] - åŠ è½½ä¾èµ– >> {TYPE=class com.CQA.Listener.OnmyoijiListener.Onmyojfengmo, NAME='onmyojfengmo'}
2020-04-10 01:58:10.730 INFO [main][RunApplication.java:21] - åŠ è½½ä¾èµ– >> {TYPE=class com.CQA.Listener.OnmyoijiListener.Onmyojyinjiestart, NAME='onmyojyinjiestart'}
2020-04-10 01:58:10.730 INFO [main][RunApplication.java:21] - åŠ è½½ä¾èµ– >> {TYPE=class com.CQA.Listener.OnmyoijiListener.OnmyojdaoguanFriToSun, NAME='onmyojdaoguanFriToSun'}
2020-04-10 01:58:10.731 INFO [main][RunApplication.java:21] - åŠ è½½ä¾èµ– >> {TYPE=class com.CQA.Intercept.MyMsgIntercept, NAME='myMsgIntercept'}
2020-04-10 01:58:10.731 INFO [main][RunApplication.java:21] - åŠ è½½ä¾èµ– >> {TYPE=class com.CQA.Listener.OnmyoijiListener.Onmyojguiwang, NAME='onmyojguiwang'}
2020-04-10 01:58:10.731 INFO [main][RunApplication.java:21] - åŠ è½½ä¾èµ– >> {TYPE=class com.CQA.Bean.Groupable, NAME='groupable'}
2020-04-10 01:58:10.761 INFO [main][RunApplication.java:21] - åŠ è½½ä¾èµ– >> {TYPE=class com.forte.component.forcoolqhttpapi.CoolQHttpConfiguration, NAME='coolQHttpConfiguration'}
2020-04-10 01:58:10.763 INFO [main][RunApplication.java:21] - åŠ è½½ä¾èµ– >> {TYPE=class com.forte.qqrobot.BaseApplication$$Lambda$151/1021258849, NAME='baseApplication$$Lambda$151/1021258849'}
2020-04-10 01:58:10.764 INFO [main][RunApplication.java:21] - åŠ è½½ä¾èµ– >> {TYPE=class com.forte.qqrobot.BaseConfiguration$$Lambda$152/1731977615, NAME='baseConfiguration$$Lambda$152/1731977615'}
2020-04-10 01:58:10.767 INFO [main][RunApplication.java:21] - åŠ è½½ä¾èµ– >> {TYPE=class com.forte.qqrobot.bot.BotManagerImpl, NAME='botManagerImpl'}
2020-04-10 01:58:10.777 INFO [main][RunApplication.java:21] - ç›‘å¬å‡½æ•°åŠ è½½æˆåŠŸï¼[com.CQA.Listener.GroupListener#repeatListen]
2020-04-10 01:58:10.777 INFO [main][RunApplication.java:21] - ç›‘å¬å‡½æ•°åŠ è½½æˆåŠŸï¼[com.CQA.Listener.GroupListener#helpListen]
2020-04-10 01:58:10.778 INFO [main][RunApplication.java:21] - ç›‘å¬å‡½æ•°åŠ è½½æˆåŠŸï¼[com.CQA.Listener.GroupListener#signListen]
2020-04-10 01:58:10.778 INFO [main][RunApplication.java:21] - ç›‘å¬å‡½æ•°åŠ è½½æˆåŠŸï¼[com.CQA.Listener.GroupListener#suggestListen]
2020-04-10 01:58:10.779 INFO [main][RunApplication.java:21] - ç›‘å¬å‡½æ•°åŠ è½½æˆåŠŸï¼[com.CQA.Listener.PrivateListener#groupstatus]
2020-04-10 01:58:10.779 INFO [main][RunApplication.java:21] - ç›‘å¬å‡½æ•°åŠ è½½æˆåŠŸï¼[com.CQA.Listener.PrivateListener#groupopen]
2020-04-10 01:58:10.779 INFO [main][RunApplication.java:21] - ç›‘å¬å‡½æ•°åŠ è½½æˆåŠŸï¼[com.CQA.Listener.PrivateListener#groupclose]
2020-04-10 01:58:10.779 INFO [main][RunApplication.java:21] - ç›‘å¬å‡½æ•°åŠ è½½æˆåŠŸï¼[com.CQA.Listener.PrivateListener#testListen1]
2020-04-10 01:58:10.792 INFO [main][RunApplication.java:21] - åŠ è½½ä¾èµ– >> {TYPE=class com.forte.qqrobot.listener.invoker.ListenerManager, NAME='listenerManager'}
2020-04-10 01:58:11.570 INFO [main][RunApplication.java:21] - è´¦å·[Avalon(2229181390)]æ³¨å†ŒæˆåŠŸï¼
2020-04-10 01:58:11.571 INFO [main][RunApplication.java:21] - åŠ è½½ä¾èµ– >> {TYPE=class com.forte.qqrobot.BotRuntime, NAME='botRuntime'}
2020-04-10 01:58:11.583 INFO [main][RunApplication.java:21] - åŠ è½½ä¾èµ– >> {TYPE=class com.forte.component.forcoolqhttpapi.server.CoolQHttpServer, NAME='CoolQHttpServer'}
2020-04-10 01:58:11.583 INFO [main][RunApplication.java:21] - ç›‘å¬ç½‘å€   ï¼šhttp://[::]:15514/coolq
2020-04-10 01:58:11.584 INFO [main][RunApplication.java:21] - ç³»ç»Ÿåç§°: Windows 10
2020-04-10 01:58:11.584 INFO [main][RunApplication.java:21] - ç³»ç»Ÿç‰ˆæœ¬: 10.0
2020-04-10 01:58:11.584 INFO [main][RunApplication.java:21] - çº¿ç¨‹é˜»å¡ç³»æ•°ï¼š[32m0.0[0m
2020-04-10 01:58:11.584 INFO [main][RunApplication.java:21] - çº¿ç¨‹æ± æ ¸å¿ƒå¤§å°ï¼š[32m6[0m
2020-04-10 01:58:11.584 INFO [main][RunApplication.java:21] - çº¿ç¨‹æ± æœ€å¤§å¤§å°ï¼š[32m13[0m
2020-04-10 01:58:11.585 INFO [main][RunApplication.java:21] - è´¦å·ä¿¡æ¯è·å–æˆåŠŸ: è´¦å·: [32m2229181390[0m, æ˜µç§°: [32mAvalon[0m, ç­‰çº§: [32m28[0m
2020-04-10 01:58:11.603 INFO [main][StdSchedulerFactory.java:1220] - Using default implementation for ThreadExecutor
2020-04-10 01:58:11.605 INFO [main][SimpleThreadPool.java:268] - Job execution threads will use class loader of thread: main
2020-04-10 01:58:11.612 INFO [main][SchedulerSignalerImpl.java:61] - Initialized Scheduler Signaller of type: class org.quartz.core.SchedulerSignalerImpl
2020-04-10 01:58:11.612 INFO [main][QuartzScheduler.java:229] - Quartz Scheduler v.2.3.2 created.
2020-04-10 01:58:11.613 INFO [main][RAMJobStore.java:155] - RAMJobStore initialized.
2020-04-10 01:58:11.613 INFO [main][QuartzScheduler.java:294] - Scheduler meta-data: Quartz Scheduler (v2.3.2) 'DefaultQuartzScheduler' with instanceId 'NON_CLUSTERED'
  Scheduler class: 'org.quartz.core.QuartzScheduler' - running locally.
  NOT STARTED.
  Currently in standby mode.
  Number of jobs executed: 0
  Using thread pool 'org.quartz.simpl.SimpleThreadPool' - with 10 threads.
  Using job-store 'org.quartz.simpl.RAMJobStore' - which does not support persistence. and is not clustered.

2020-04-10 01:58:11.614 INFO [main][StdSchedulerFactory.java:1374] - Quartz scheduler 'DefaultQuartzScheduler' initialized from default resource file in Quartz package: 'quartz.properties'
2020-04-10 01:58:11.614 INFO [main][StdSchedulerFactory.java:1378] - Quartz scheduler version: 2.3.2
2020-04-10 01:58:11.614 INFO [main][QuartzScheduler.java:547] - Scheduler DefaultQuartzScheduler_$_NON_CLUSTERED started.
2020-04-10 01:58:11.619 INFO [main][RunApplication.java:21] - åŠ è½½å®šæ—¶ä»»åŠ¡æˆåŠŸï¼[OnmyojfengmoEnd]
2020-04-10 01:58:11.620 INFO [main][QuartzScheduler.java:547] - Scheduler DefaultQuartzScheduler_$_NON_CLUSTERED started.
2020-04-10 01:58:11.620 INFO [main][RunApplication.java:21] - åŠ è½½å®šæ—¶ä»»åŠ¡æˆåŠŸï¼[OnmyojyinjieEnd]
2020-04-10 01:58:11.620 INFO [main][QuartzScheduler.java:547] - Scheduler DefaultQuartzScheduler_$_NON_CLUSTERED started.
2020-04-10 01:58:11.621 INFO [main][RunApplication.java:21] - åŠ è½½å®šæ—¶ä»»åŠ¡æˆåŠŸï¼[Onmyojfengmo]
2020-04-10 01:58:11.621 INFO [main][QuartzScheduler.java:547] - Scheduler DefaultQuartzScheduler_$_NON_CLUSTERED started.
2020-04-10 01:58:11.622 INFO [main][RunApplication.java:21] - åŠ è½½å®šæ—¶ä»»åŠ¡æˆåŠŸï¼[Onmyojyinjiestart]
2020-04-10 01:58:11.622 INFO [main][QuartzScheduler.java:547] - Scheduler DefaultQuartzScheduler_$_NON_CLUSTERED started.
2020-04-10 01:58:11.622 INFO [main][RunApplication.java:21] - åŠ è½½å®šæ—¶ä»»åŠ¡æˆåŠŸï¼[OnmyojdaoguanFriToSun]
2020-04-10 01:58:11.622 INFO [main][QuartzScheduler.java:547] - Scheduler DefaultQuartzScheduler_$_NON_CLUSTERED started.
2020-04-10 01:58:11.623 INFO [main][RunApplication.java:21] - åŠ è½½å®šæ—¶ä»»åŠ¡æˆåŠŸï¼[Onmyojguiwang]
2020-04-10 01:58:11.623 INFO [main][QuartzScheduler.java:547] - Scheduler DefaultQuartzScheduler_$_NON_CLUSTERED started.
2020-04-10 01:58:11.625 INFO [main][RunApplication.java:21] - [36mCQ HTTP ç»„ä»¶ç›‘å¬æœåŠ¡å™¨[0må¯åŠ¨æˆåŠŸ, è€—æ—¶ 1,725 ms
2020-04-10 01:58:32.829 INFO [main][RunApplication.java:21] - properties config injected.
2020-04-10 01:58:33.572 INFO [main][RunApplication.java:21] - åŠ è½½ä¾èµ– >> {TYPE=class com.forte.qqrobot.depend.DependCenter, NAME='DependCenter'}
2020-04-10 01:58:33.576 INFO [main][RunApplication.java:21] - åŠ è½½ä¾èµ– >> {TYPE=class com.forte.qqrobot.utils.CQCodeUtil, NAME='CQCodeUtil'}
2020-04-10 01:58:33.580 INFO [main][RunApplication.java:21] - åŠ è½½ä¾èµ– >> {TYPE=class com.forte.component.forcoolqhttpapi.CoolQHttpApplication, NAME='CoolQHttpApplication'}
2020-04-10 01:58:33.593 INFO [main][RunApplication.java:21] - åŠ è½½ä¾èµ– >> {TYPE=class com.CQA.Listener.GroupListener, NAME='groupListener'}
2020-04-10 01:58:33.596 INFO [main][RunApplication.java:21] - åŠ è½½ä¾èµ– >> {TYPE=class com.CQA.Listener.PrivateListener, NAME='privateListener'}
2020-04-10 01:58:33.596 INFO [main][RunApplication.java:21] - åŠ è½½ä¾èµ– >> {TYPE=class com.CQA.Listener.OnmyoijiListener.OnmyojSenderList, NAME='onmyojSenderList'}
2020-04-10 01:58:33.596 INFO [main][RunApplication.java:21] - åŠ è½½ä¾èµ– >> {TYPE=class com.CQA.Listener.OnmyoijiListener.OnmyojfengmoEnd, NAME='onmyojfengmoEnd'}
2020-04-10 01:58:33.596 INFO [main][RunApplication.java:21] - åŠ è½½ä¾èµ– >> {TYPE=class com.CQA.Listener.OnmyoijiListener.OnmyojyinjieEnd, NAME='onmyojyinjieEnd'}
2020-04-10 01:58:33.597 INFO [main][RunApplication.java:21] - åŠ è½½ä¾èµ– >> {TYPE=class com.CQA.Listener.OnmyoijiListener.Onmyojfengmo, NAME='onmyojfengmo'}
2020-04-10 01:58:33.597 INFO [main][RunApplication.java:21] - åŠ è½½ä¾èµ– >> {TYPE=class com.CQA.Listener.OnmyoijiListener.Onmyojyinjiestart, NAME='onmyojyinjiestart'}
2020-04-10 01:58:33.597 INFO [main][RunApplication.java:21] - åŠ è½½ä¾èµ– >> {TYPE=class com.CQA.Listener.OnmyoijiListener.OnmyojdaoguanFriToSun, NAME='onmyojdaoguanFriToSun'}
2020-04-10 01:58:33.597 INFO [main][RunApplication.java:21] - åŠ è½½ä¾èµ– >> {TYPE=class com.CQA.Intercept.MyMsgIntercept, NAME='myMsgIntercept'}
2020-04-10 01:58:33.597 INFO [main][RunApplication.java:21] - åŠ è½½ä¾èµ– >> {TYPE=class com.CQA.Listener.OnmyoijiListener.Onmyojguiwang, NAME='onmyojguiwang'}
2020-04-10 01:58:33.598 INFO [main][RunApplication.java:21] - åŠ è½½ä¾èµ– >> {TYPE=class com.CQA.Bean.Groupable, NAME='groupable'}
2020-04-10 01:58:33.626 INFO [main][RunApplication.java:21] - åŠ è½½ä¾èµ– >> {TYPE=class com.forte.component.forcoolqhttpapi.CoolQHttpConfiguration, NAME='coolQHttpConfiguration'}
2020-04-10 01:58:33.628 INFO [main][RunApplication.java:21] - åŠ è½½ä¾èµ– >> {TYPE=class com.forte.qqrobot.BaseApplication$$Lambda$151/1021258849, NAME='baseApplication$$Lambda$151/1021258849'}
2020-04-10 01:58:33.629 INFO [main][RunApplication.java:21] - åŠ è½½ä¾èµ– >> {TYPE=class com.forte.qqrobot.BaseConfiguration$$Lambda$152/1731977615, NAME='baseConfiguration$$Lambda$152/1731977615'}
2020-04-10 01:58:33.632 INFO [main][RunApplication.java:21] - åŠ è½½ä¾èµ– >> {TYPE=class com.forte.qqrobot.bot.BotManagerImpl, NAME='botManagerImpl'}
2020-04-10 01:58:33.642 INFO [main][RunApplication.java:21] - ç›‘å¬å‡½æ•°åŠ è½½æˆåŠŸï¼[com.CQA.Listener.GroupListener#helpListen]
2020-04-10 01:58:33.643 INFO [main][RunApplication.java:21] - ç›‘å¬å‡½æ•°åŠ è½½æˆåŠŸï¼[com.CQA.Listener.GroupListener#suggestListen]
2020-04-10 01:58:33.643 INFO [main][RunApplication.java:21] - ç›‘å¬å‡½æ•°åŠ è½½æˆåŠŸï¼[com.CQA.Listener.GroupListener#signListen]
2020-04-10 01:58:33.643 INFO [main][RunApplication.java:21] - ç›‘å¬å‡½æ•°åŠ è½½æˆåŠŸï¼[com.CQA.Listener.GroupListener#repeatListen]
2020-04-10 01:58:33.644 INFO [main][RunApplication.java:21] - ç›‘å¬å‡½æ•°åŠ è½½æˆåŠŸï¼[com.CQA.Listener.PrivateListener#testListen1]
2020-04-10 01:58:33.644 INFO [main][RunApplication.java:21] - ç›‘å¬å‡½æ•°åŠ è½½æˆåŠŸï¼[com.CQA.Listener.PrivateListener#groupclose]
2020-04-10 01:58:33.645 INFO [main][RunApplication.java:21] - ç›‘å¬å‡½æ•°åŠ è½½æˆåŠŸï¼[com.CQA.Listener.PrivateListener#groupstatus]
2020-04-10 01:58:33.645 INFO [main][RunApplication.java:21] - ç›‘å¬å‡½æ•°åŠ è½½æˆåŠŸï¼[com.CQA.Listener.PrivateListener#groupopen]
2020-04-10 01:58:33.655 INFO [main][RunApplication.java:21] - åŠ è½½ä¾èµ– >> {TYPE=class com.forte.qqrobot.listener.invoker.ListenerManager, NAME='listenerManager'}
2020-04-10 01:58:34.548 INFO [main][RunApplication.java:21] - è´¦å·[Avalon(2229181390)]æ³¨å†ŒæˆåŠŸï¼
2020-04-10 01:58:34.548 INFO [main][RunApplication.java:21] - åŠ è½½ä¾èµ– >> {TYPE=class com.forte.qqrobot.BotRuntime, NAME='botRuntime'}
2020-04-10 01:58:34.561 INFO [main][RunApplication.java:21] - åŠ è½½ä¾èµ– >> {TYPE=class com.forte.component.forcoolqhttpapi.server.CoolQHttpServer, NAME='CoolQHttpServer'}
2020-04-10 01:58:34.561 INFO [main][RunApplication.java:21] - ç›‘å¬ç½‘å€   ï¼šhttp://[::]:15514/coolq
2020-04-10 01:58:34.562 INFO [main][RunApplication.java:21] - ç³»ç»Ÿåç§°: Windows 10
2020-04-10 01:58:34.562 INFO [main][RunApplication.java:21] - ç³»ç»Ÿç‰ˆæœ¬: 10.0
2020-04-10 01:58:34.562 INFO [main][RunApplication.java:21] - çº¿ç¨‹é˜»å¡ç³»æ•°ï¼š[32m0.0[0m
2020-04-10 01:58:34.562 INFO [main][RunApplication.java:21] - çº¿ç¨‹æ± æ ¸å¿ƒå¤§å°ï¼š[32m6[0m
2020-04-10 01:58:34.562 INFO [main][RunApplication.java:21] - çº¿ç¨‹æ± æœ€å¤§å¤§å°ï¼š[32m13[0m
2020-04-10 01:58:34.563 INFO [main][RunApplication.java:21] - è´¦å·ä¿¡æ¯è·å–æˆåŠŸ: è´¦å·: [32m2229181390[0m, æ˜µç§°: [32mAvalon[0m, ç­‰çº§: [32m28[0m
2020-04-10 01:58:34.583 INFO [main][StdSchedulerFactory.java:1220] - Using default implementation for ThreadExecutor
2020-04-10 01:58:34.585 INFO [main][SimpleThreadPool.java:268] - Job execution threads will use class loader of thread: main
2020-04-10 01:58:34.592 INFO [main][SchedulerSignalerImpl.java:61] - Initialized Scheduler Signaller of type: class org.quartz.core.SchedulerSignalerImpl
2020-04-10 01:58:34.592 INFO [main][QuartzScheduler.java:229] - Quartz Scheduler v.2.3.2 created.
2020-04-10 01:58:34.593 INFO [main][RAMJobStore.java:155] - RAMJobStore initialized.
2020-04-10 01:58:34.593 INFO [main][QuartzScheduler.java:294] - Scheduler meta-data: Quartz Scheduler (v2.3.2) 'DefaultQuartzScheduler' with instanceId 'NON_CLUSTERED'
  Scheduler class: 'org.quartz.core.QuartzScheduler' - running locally.
  NOT STARTED.
  Currently in standby mode.
  Number of jobs executed: 0
  Using thread pool 'org.quartz.simpl.SimpleThreadPool' - with 10 threads.
  Using job-store 'org.quartz.simpl.RAMJobStore' - which does not support persistence. and is not clustered.

2020-04-10 01:58:34.593 INFO [main][StdSchedulerFactory.java:1374] - Quartz scheduler 'DefaultQuartzScheduler' initialized from default resource file in Quartz package: 'quartz.properties'
2020-04-10 01:58:34.594 INFO [main][StdSchedulerFactory.java:1378] - Quartz scheduler version: 2.3.2
2020-04-10 01:58:34.594 INFO [main][QuartzScheduler.java:547] - Scheduler DefaultQuartzScheduler_$_NON_CLUSTERED started.
2020-04-10 01:58:34.600 INFO [main][RunApplication.java:21] - åŠ è½½å®šæ—¶ä»»åŠ¡æˆåŠŸï¼[OnmyojfengmoEnd]
2020-04-10 01:58:34.600 INFO [main][QuartzScheduler.java:547] - Scheduler DefaultQuartzScheduler_$_NON_CLUSTERED started.
2020-04-10 01:58:34.600 INFO [main][RunApplication.java:21] - åŠ è½½å®šæ—¶ä»»åŠ¡æˆåŠŸï¼[OnmyojyinjieEnd]
2020-04-10 01:58:34.600 INFO [main][QuartzScheduler.java:547] - Scheduler DefaultQuartzScheduler_$_NON_CLUSTERED started.
2020-04-10 01:58:34.600 INFO [main][RunApplication.java:21] - åŠ è½½å®šæ—¶ä»»åŠ¡æˆåŠŸï¼[Onmyojfengmo]
2020-04-10 01:58:34.601 INFO [main][QuartzScheduler.java:547] - Scheduler DefaultQuartzScheduler_$_NON_CLUSTERED started.
2020-04-10 01:58:34.601 INFO [main][RunApplication.java:21] - åŠ è½½å®šæ—¶ä»»åŠ¡æˆåŠŸï¼[Onmyojyinjiestart]
2020-04-10 01:58:34.601 INFO [main][QuartzScheduler.java:547] - Scheduler DefaultQuartzScheduler_$_NON_CLUSTERED started.
2020-04-10 01:58:34.602 INFO [main][RunApplication.java:21] - åŠ è½½å®šæ—¶ä»»åŠ¡æˆåŠŸï¼[OnmyojdaoguanFriToSun]
2020-04-10 01:58:34.602 INFO [main][QuartzScheduler.java:547] - Scheduler DefaultQuartzScheduler_$_NON_CLUSTERED started.
2020-04-10 01:58:34.602 INFO [main][RunApplication.java:21] - åŠ è½½å®šæ—¶ä»»åŠ¡æˆåŠŸï¼[Onmyojguiwang]
2020-04-10 01:58:34.602 INFO [main][QuartzScheduler.java:547] - Scheduler DefaultQuartzScheduler_$_NON_CLUSTERED started.
2020-04-10 01:58:34.604 INFO [main][RunApplication.java:21] - [36mCQ HTTP ç»„ä»¶ç›‘å¬æœåŠ¡å™¨[0må¯åŠ¨æˆåŠŸ, è€—æ—¶ 1,822 ms
2020-04-10 02:01:20.367 INFO [main][RunApplication.java:21] - properties config injected.
2020-04-10 02:01:21.547 INFO [main][RunApplication.java:21] - åŠ è½½ä¾èµ– >> {TYPE=class com.forte.qqrobot.depend.DependCenter, NAME='DependCenter'}
2020-04-10 02:01:21.551 INFO [main][RunApplication.java:21] - åŠ è½½ä¾èµ– >> {TYPE=class com.forte.qqrobot.utils.CQCodeUtil, NAME='CQCodeUtil'}
2020-04-10 02:01:21.555 INFO [main][RunApplication.java:21] - åŠ è½½ä¾èµ– >> {TYPE=class com.forte.component.forcoolqhttpapi.CoolQHttpApplication, NAME='CoolQHttpApplication'}
2020-04-10 02:01:21.567 INFO [main][RunApplication.java:21] - åŠ è½½ä¾èµ– >> {TYPE=class com.CQA.Listener.GroupListener, NAME='groupListener'}
2020-04-10 02:01:21.569 INFO [main][RunApplication.java:21] - åŠ è½½ä¾èµ– >> {TYPE=class com.CQA.Listener.PrivateListener, NAME='privateListener'}
2020-04-10 02:01:21.569 INFO [main][RunApplication.java:21] - åŠ è½½ä¾èµ– >> {TYPE=class com.CQA.Listener.OnmyoijiListener.OnmyojSenderList, NAME='onmyojSenderList'}
2020-04-10 02:01:21.570 INFO [main][RunApplication.java:21] - åŠ è½½ä¾èµ– >> {TYPE=class com.CQA.Listener.OnmyoijiListener.OnmyojfengmoEnd, NAME='onmyojfengmoEnd'}
2020-04-10 02:01:21.570 INFO [main][RunApplication.java:21] - åŠ è½½ä¾èµ– >> {TYPE=class com.CQA.Listener.OnmyoijiListener.OnmyojyinjieEnd, NAME='onmyojyinjieEnd'}
2020-04-10 02:01:21.570 INFO [main][RunApplication.java:21] - åŠ è½½ä¾èµ– >> {TYPE=class com.CQA.Listener.OnmyoijiListener.Onmyojfengmo, NAME='onmyojfengmo'}
2020-04-10 02:01:21.570 INFO [main][RunApplication.java:21] - åŠ è½½ä¾èµ– >> {TYPE=class com.CQA.Listener.OnmyoijiListener.Onmyojyinjiestart, NAME='onmyojyinjiestart'}
2020-04-10 02:01:21.570 INFO [main][RunApplication.java:21] - åŠ è½½ä¾èµ– >> {TYPE=class com.CQA.Listener.OnmyoijiListener.OnmyojdaoguanFriToSun, NAME='onmyojdaoguanFriToSun'}
2020-04-10 02:01:21.571 INFO [main][RunApplication.java:21] - åŠ è½½ä¾èµ– >> {TYPE=class com.CQA.Intercept.MyMsgIntercept, NAME='myMsgIntercept'}
2020-04-10 02:01:21.571 INFO [main][RunApplication.java:21] - åŠ è½½ä¾èµ– >> {TYPE=class com.CQA.Listener.OnmyoijiListener.Onmyojguiwang, NAME='onmyojguiwang'}
2020-04-10 02:01:21.571 INFO [main][RunApplication.java:21] - åŠ è½½ä¾èµ– >> {TYPE=class com.CQA.Bean.Groupable, NAME='groupable'}
2020-04-10 02:01:21.602 INFO [main][RunApplication.java:21] - åŠ è½½ä¾èµ– >> {TYPE=class com.forte.component.forcoolqhttpapi.CoolQHttpConfiguration, NAME='coolQHttpConfiguration'}
2020-04-10 02:01:21.604 INFO [main][RunApplication.java:21] - åŠ è½½ä¾èµ– >> {TYPE=class com.forte.qqrobot.BaseApplication$$Lambda$151/1021258849, NAME='baseApplication$$Lambda$151/1021258849'}
2020-04-10 02:01:21.605 INFO [main][RunApplication.java:21] - åŠ è½½ä¾èµ– >> {TYPE=class com.forte.qqrobot.BaseConfiguration$$Lambda$152/1731977615, NAME='baseConfiguration$$Lambda$152/1731977615'}
2020-04-10 02:01:21.608 INFO [main][RunApplication.java:21] - åŠ è½½ä¾èµ– >> {TYPE=class com.forte.qqrobot.bot.BotManagerImpl, NAME='botManagerImpl'}
2020-04-10 02:01:21.618 INFO [main][RunApplication.java:21] - ç›‘å¬å‡½æ•°åŠ è½½æˆåŠŸï¼[com.CQA.Listener.GroupListener#helpListen]
2020-04-10 02:01:21.619 INFO [main][RunApplication.java:21] - ç›‘å¬å‡½æ•°åŠ è½½æˆåŠŸï¼[com.CQA.Listener.GroupListener#suggestListen]
2020-04-10 02:01:21.619 INFO [main][RunApplication.java:21] - ç›‘å¬å‡½æ•°åŠ è½½æˆåŠŸï¼[com.CQA.Listener.GroupListener#signListen]
2020-04-10 02:01:21.620 INFO [main][RunApplication.java:21] - ç›‘å¬å‡½æ•°åŠ è½½æˆåŠŸï¼[com.CQA.Listener.PrivateListener#groupclose]
2020-04-10 02:01:21.620 INFO [main][RunApplication.java:21] - ç›‘å¬å‡½æ•°åŠ è½½æˆåŠŸï¼[com.CQA.Listener.PrivateListener#testListen1]
2020-04-10 02:01:21.620 INFO [main][RunApplication.java:21] - ç›‘å¬å‡½æ•°åŠ è½½æˆåŠŸï¼[com.CQA.Listener.PrivateListener#groupstatus]
2020-04-10 02:01:21.620 INFO [main][RunApplication.java:21] - ç›‘å¬å‡½æ•°åŠ è½½æˆåŠŸï¼[com.CQA.Listener.PrivateListener#groupopen]
2020-04-10 02:01:21.633 INFO [main][RunApplication.java:21] - åŠ è½½ä¾èµ– >> {TYPE=class com.forte.qqrobot.listener.invoker.ListenerManager, NAME='listenerManager'}
2020-04-10 02:01:22.503 INFO [main][RunApplication.java:21] - è´¦å·[Avalon(2229181390)]æ³¨å†ŒæˆåŠŸï¼
2020-04-10 02:01:22.504 INFO [main][RunApplication.java:21] - åŠ è½½ä¾èµ– >> {TYPE=class com.forte.qqrobot.BotRuntime, NAME='botRuntime'}
2020-04-10 02:01:22.518 INFO [main][RunApplication.java:21] - åŠ è½½ä¾èµ– >> {TYPE=class com.forte.component.forcoolqhttpapi.server.CoolQHttpServer, NAME='CoolQHttpServer'}
2020-04-10 02:01:22.518 INFO [main][RunApplication.java:21] - ç›‘å¬ç½‘å€   ï¼šhttp://[::]:15514/coolq
2020-04-10 02:01:22.519 INFO [main][RunApplication.java:21] - ç³»ç»Ÿåç§°: Windows 10
2020-04-10 02:01:22.519 INFO [main][RunApplication.java:21] - ç³»ç»Ÿç‰ˆæœ¬: 10.0
2020-04-10 02:01:22.519 INFO [main][RunApplication.java:21] - çº¿ç¨‹é˜»å¡ç³»æ•°ï¼š[32m0.0[0m
2020-04-10 02:01:22.519 INFO [main][RunApplication.java:21] - çº¿ç¨‹æ± æ ¸å¿ƒå¤§å°ï¼š[32m6[0m
2020-04-10 02:01:22.520 INFO [main][RunApplication.java:21] - çº¿ç¨‹æ± æœ€å¤§å¤§å°ï¼š[32m13[0m
2020-04-10 02:01:22.520 INFO [main][RunApplication.java:21] - è´¦å·ä¿¡æ¯è·å–æˆåŠŸ: è´¦å·: [32m2229181390[0m, æ˜µç§°: [32mAvalon[0m, ç­‰çº§: [32m28[0m
2020-04-10 02:01:22.541 INFO [main][StdSchedulerFactory.java:1220] - Using default implementation for ThreadExecutor
2020-04-10 02:01:22.542 INFO [main][SimpleThreadPool.java:268] - Job execution threads will use class loader of thread: main
2020-04-10 02:01:22.550 INFO [main][SchedulerSignalerImpl.java:61] - Initialized Scheduler Signaller of type: class org.quartz.core.SchedulerSignalerImpl
2020-04-10 02:01:22.551 INFO [main][QuartzScheduler.java:229] - Quartz Scheduler v.2.3.2 created.
2020-04-10 02:01:22.551 INFO [main][RAMJobStore.java:155] - RAMJobStore initialized.
2020-04-10 02:01:22.552 INFO [main][QuartzScheduler.java:294] - Scheduler meta-data: Quartz Scheduler (v2.3.2) 'DefaultQuartzScheduler' with instanceId 'NON_CLUSTERED'
  Scheduler class: 'org.quartz.core.QuartzScheduler' - running locally.
  NOT STARTED.
  Currently in standby mode.
  Number of jobs executed: 0
  Using thread pool 'org.quartz.simpl.SimpleThreadPool' - with 10 threads.
  Using job-store 'org.quartz.simpl.RAMJobStore' - which does not support persistence. and is not clustered.

2020-04-10 02:01:22.552 INFO [main][StdSchedulerFactory.java:1374] - Quartz scheduler 'DefaultQuartzScheduler' initialized from default resource file in Quartz package: 'quartz.properties'
2020-04-10 02:01:22.552 INFO [main][StdSchedulerFactory.java:1378] - Quartz scheduler version: 2.3.2
2020-04-10 02:01:22.552 INFO [main][QuartzScheduler.java:547] - Scheduler DefaultQuartzScheduler_$_NON_CLUSTERED started.
2020-04-10 02:01:22.558 INFO [main][RunApplication.java:21] - åŠ è½½å®šæ—¶ä»»åŠ¡æˆåŠŸï¼[OnmyojfengmoEnd]
2020-04-10 02:01:22.558 INFO [main][QuartzScheduler.java:547] - Scheduler DefaultQuartzScheduler_$_NON_CLUSTERED started.
2020-04-10 02:01:22.559 INFO [main][RunApplication.java:21] - åŠ è½½å®šæ—¶ä»»åŠ¡æˆåŠŸï¼[OnmyojyinjieEnd]
2020-04-10 02:01:22.559 INFO [main][QuartzScheduler.java:547] - Scheduler DefaultQuartzScheduler_$_NON_CLUSTERED started.
2020-04-10 02:01:22.559 INFO [main][RunApplication.java:21] - åŠ è½½å®šæ—¶ä»»åŠ¡æˆåŠŸï¼[Onmyojfengmo]
2020-04-10 02:01:22.559 INFO [main][QuartzScheduler.java:547] - Scheduler DefaultQuartzScheduler_$_NON_CLUSTERED started.
2020-04-10 02:01:22.560 INFO [main][RunApplication.java:21] - åŠ è½½å®šæ—¶ä»»åŠ¡æˆåŠŸï¼[Onmyojyinjiestart]
2020-04-10 02:01:22.560 INFO [main][QuartzScheduler.java:547] - Scheduler DefaultQuartzScheduler_$_NON_CLUSTERED started.
2020-04-10 02:01:22.560 INFO [main][RunApplication.java:21] - åŠ è½½å®šæ—¶ä»»åŠ¡æˆåŠŸï¼[OnmyojdaoguanFriToSun]
2020-04-10 02:01:22.561 INFO [main][QuartzScheduler.java:547] - Scheduler DefaultQuartzScheduler_$_NON_CLUSTERED started.
2020-04-10 02:01:22.561 INFO [main][RunApplication.java:21] - åŠ è½½å®šæ—¶ä»»åŠ¡æˆåŠŸï¼[Onmyojguiwang]
2020-04-10 02:01:22.561 INFO [main][QuartzScheduler.java:547] - Scheduler DefaultQuartzScheduler_$_NON_CLUSTERED started.
2020-04-10 02:01:22.563 INFO [main][RunApplication.java:21] - [36mCQ HTTP ç»„ä»¶ç›‘å¬æœåŠ¡å™¨[0må¯åŠ¨æˆåŠŸ, è€—æ—¶ 2,240 ms
2020-04-10 06:51:35.115 INFO [main][RunApplication.java:21] - properties config injected.
2020-04-10 06:51:35.816 INFO [main][RunApplication.java:21] - åŠ è½½ä¾èµ– >> {TYPE=class com.forte.qqrobot.depend.DependCenter, NAME='DependCenter'}
2020-04-10 06:51:35.820 INFO [main][RunApplication.java:21] - åŠ è½½ä¾èµ– >> {TYPE=class com.forte.qqrobot.utils.CQCodeUtil, NAME='CQCodeUtil'}
2020-04-10 06:51:35.823 INFO [main][RunApplication.java:21] - åŠ è½½ä¾èµ– >> {TYPE=class com.forte.component.forcoolqhttpapi.CoolQHttpApplication, NAME='CoolQHttpApplication'}
2020-04-10 06:51:35.836 INFO [main][RunApplication.java:21] - åŠ è½½ä¾èµ– >> {TYPE=class com.CQA.Listener.GroupListener, NAME='groupListener'}
2020-04-10 06:51:35.838 INFO [main][RunApplication.java:21] - åŠ è½½ä¾èµ– >> {TYPE=class com.CQA.Listener.PrivateListener, NAME='privateListener'}
2020-04-10 06:51:35.838 INFO [main][RunApplication.java:21] - åŠ è½½ä¾èµ– >> {TYPE=class com.CQA.Listener.OnmyoijiListener.OnmyojSenderList, NAME='onmyojSenderList'}
2020-04-10 06:51:35.838 INFO [main][RunApplication.java:21] - åŠ è½½ä¾èµ– >> {TYPE=class com.CQA.Listener.OnmyoijiListener.OnmyojfengmoEnd, NAME='onmyojfengmoEnd'}
2020-04-10 06:51:35.838 INFO [main][RunApplication.java:21] - åŠ è½½ä¾èµ– >> {TYPE=class com.CQA.Listener.OnmyoijiListener.OnmyojyinjieEnd, NAME='onmyojyinjieEnd'}
2020-04-10 06:51:35.839 INFO [main][RunApplication.java:21] - åŠ è½½ä¾èµ– >> {TYPE=class com.CQA.Listener.OnmyoijiListener.Onmyojfengmo, NAME='onmyojfengmo'}
2020-04-10 06:51:35.839 INFO [main][RunApplication.java:21] - åŠ è½½ä¾èµ– >> {TYPE=class com.CQA.Listener.OnmyoijiListener.Onmyojyinjiestart, NAME='onmyojyinjiestart'}
2020-04-10 06:51:35.839 INFO [main][RunApplication.java:21] - åŠ è½½ä¾èµ– >> {TYPE=class com.CQA.Listener.OnmyoijiListener.OnmyojdaoguanFriToSun, NAME='onmyojdaoguanFriToSun'}
2020-04-10 06:51:35.839 INFO [main][RunApplication.java:21] - åŠ è½½ä¾èµ– >> {TYPE=class com.CQA.Intercept.MyMsgIntercept, NAME='myMsgIntercept'}
2020-04-10 06:51:35.839 INFO [main][RunApplication.java:21] - åŠ è½½ä¾èµ– >> {TYPE=class com.CQA.Listener.OnmyoijiListener.Onmyojguiwang, NAME='onmyojguiwang'}
2020-04-10 06:51:35.840 INFO [main][RunApplication.java:21] - åŠ è½½ä¾èµ– >> {TYPE=class com.CQA.Bean.Groupable, NAME='groupable'}
2020-04-10 06:51:35.870 INFO [main][RunApplication.java:21] - åŠ è½½ä¾èµ– >> {TYPE=class com.forte.component.forcoolqhttpapi.CoolQHttpConfiguration, NAME='coolQHttpConfiguration'}
2020-04-10 06:51:35.872 INFO [main][RunApplication.java:21] - åŠ è½½ä¾èµ– >> {TYPE=class com.forte.qqrobot.BaseApplication$$Lambda$151/1021258849, NAME='baseApplication$$Lambda$151/1021258849'}
2020-04-10 06:51:35.872 INFO [main][RunApplication.java:21] - åŠ è½½ä¾èµ– >> {TYPE=class com.forte.qqrobot.BaseConfiguration$$Lambda$152/1731977615, NAME='baseConfiguration$$Lambda$152/1731977615'}
2020-04-10 06:51:35.875 INFO [main][RunApplication.java:21] - åŠ è½½ä¾èµ– >> {TYPE=class com.forte.qqrobot.bot.BotManagerImpl, NAME='botManagerImpl'}
2020-04-10 06:51:35.884 INFO [main][RunApplication.java:21] - ç›‘å¬å‡½æ•°åŠ è½½æˆåŠŸï¼[com.CQA.Listener.GroupListener#signListen]
2020-04-10 06:51:35.885 INFO [main][RunApplication.java:21] - ç›‘å¬å‡½æ•°åŠ è½½æˆåŠŸï¼[com.CQA.Listener.GroupListener#suggestListen]
2020-04-10 06:51:35.885 INFO [main][RunApplication.java:21] - ç›‘å¬å‡½æ•°åŠ è½½æˆåŠŸï¼[com.CQA.Listener.GroupListener#helpListen]
2020-04-10 06:51:35.886 INFO [main][RunApplication.java:21] - ç›‘å¬å‡½æ•°åŠ è½½æˆåŠŸï¼[com.CQA.Listener.PrivateListener#groupstatus]
2020-04-10 06:51:35.886 INFO [main][RunApplication.java:21] - ç›‘å¬å‡½æ•°åŠ è½½æˆåŠŸï¼[com.CQA.Listener.PrivateListener#groupopen]
2020-04-10 06:51:35.886 INFO [main][RunApplication.java:21] - ç›‘å¬å‡½æ•°åŠ è½½æˆåŠŸï¼[com.CQA.Listener.PrivateListener#testListen1]
2020-04-10 06:51:35.886 INFO [main][RunApplication.java:21] - ç›‘å¬å‡½æ•°åŠ è½½æˆåŠŸï¼[com.CQA.Listener.PrivateListener#groupclose]
2020-04-10 06:51:35.897 INFO [main][RunApplication.java:21] - åŠ è½½ä¾èµ– >> {TYPE=class com.forte.qqrobot.listener.invoker.ListenerManager, NAME='listenerManager'}
2020-04-10 06:51:37.006 INFO [main][RunApplication.java:21] - è´¦å·[Avalon(2229181390)]æ³¨å†ŒæˆåŠŸï¼
2020-04-10 06:51:37.006 INFO [main][RunApplication.java:21] - åŠ è½½ä¾èµ– >> {TYPE=class com.forte.qqrobot.BotRuntime, NAME='botRuntime'}
2020-04-10 06:51:37.020 INFO [main][RunApplication.java:21] - åŠ è½½ä¾èµ– >> {TYPE=class com.forte.component.forcoolqhttpapi.server.CoolQHttpServer, NAME='CoolQHttpServer'}
2020-04-10 06:51:37.020 INFO [main][RunApplication.java:21] - ç›‘å¬ç½‘å€   ï¼šhttp://[::]:15514/coolq
2020-04-10 06:51:37.020 INFO [main][RunApplication.java:21] - ç³»ç»Ÿåç§°: Windows 10
2020-04-10 06:51:37.020 INFO [main][RunApplication.java:21] - ç³»ç»Ÿç‰ˆæœ¬: 10.0
2020-04-10 06:51:37.021 INFO [main][RunApplication.java:21] - çº¿ç¨‹é˜»å¡ç³»æ•°ï¼š[32m0.0[0m
2020-04-10 06:51:37.021 INFO [main][RunApplication.java:21] - çº¿ç¨‹æ± æ ¸å¿ƒå¤§å°ï¼š[32m6[0m
2020-04-10 06:51:37.021 INFO [main][RunApplication.java:21] - çº¿ç¨‹æ± æœ€å¤§å¤§å°ï¼š[32m13[0m
2020-04-10 06:51:37.021 INFO [main][RunApplication.java:21] - è´¦å·ä¿¡æ¯è·å–æˆåŠŸ: è´¦å·: [32m2229181390[0m, æ˜µç§°: [32mAvalon[0m, ç­‰çº§: [32m29[0m
2020-04-10 06:51:37.040 INFO [main][StdSchedulerFactory.java:1220] - Using default implementation for ThreadExecutor
2020-04-10 06:51:37.042 INFO [main][SimpleThreadPool.java:268] - Job execution threads will use class loader of thread: main
2020-04-10 06:51:37.049 INFO [main][SchedulerSignalerImpl.java:61] - Initialized Scheduler Signaller of type: class org.quartz.core.SchedulerSignalerImpl
2020-04-10 06:51:37.050 INFO [main][QuartzScheduler.java:229] - Quartz Scheduler v.2.3.2 created.
2020-04-10 06:51:37.050 INFO [main][RAMJobStore.java:155] - RAMJobStore initialized.
2020-04-10 06:51:37.051 INFO [main][QuartzScheduler.java:294] - Scheduler meta-data: Quartz Scheduler (v2.3.2) 'DefaultQuartzScheduler' with instanceId 'NON_CLUSTERED'
  Scheduler class: 'org.quartz.core.QuartzScheduler' - running locally.
  NOT STARTED.
  Currently in standby mode.
  Number of jobs executed: 0
  Using thread pool 'org.quartz.simpl.SimpleThreadPool' - with 10 threads.
  Using job-store 'org.quartz.simpl.RAMJobStore' - which does not support persistence. and is not clustered.

2020-04-10 06:51:37.051 INFO [main][StdSchedulerFactory.java:1374] - Quartz scheduler 'DefaultQuartzScheduler' initialized from default resource file in Quartz package: 'quartz.properties'
2020-04-10 06:51:37.051 INFO [main][StdSchedulerFactory.java:1378] - Quartz scheduler version: 2.3.2
2020-04-10 06:51:37.051 INFO [main][QuartzScheduler.java:547] - Scheduler DefaultQuartzScheduler_$_NON_CLUSTERED started.
2020-04-10 06:51:37.057 INFO [main][RunApplication.java:21] - åŠ è½½å®šæ—¶ä»»åŠ¡æˆåŠŸï¼[OnmyojfengmoEnd]
2020-04-10 06:51:37.057 INFO [main][QuartzScheduler.java:547] - Scheduler DefaultQuartzScheduler_$_NON_CLUSTERED started.
2020-04-10 06:51:37.058 INFO [main][RunApplication.java:21] - åŠ è½½å®šæ—¶ä»»åŠ¡æˆåŠŸï¼[OnmyojyinjieEnd]
2020-04-10 06:51:37.058 INFO [main][QuartzScheduler.java:547] - Scheduler DefaultQuartzScheduler_$_NON_CLUSTERED started.
2020-04-10 06:51:37.059 INFO [main][RunApplication.java:21] - åŠ è½½å®šæ—¶ä»»åŠ¡æˆåŠŸï¼[Onmyojfengmo]
2020-04-10 06:51:37.059 INFO [main][QuartzScheduler.java:547] - Scheduler DefaultQuartzScheduler_$_NON_CLUSTERED started.
2020-04-10 06:51:37.059 INFO [main][RunApplication.java:21] - åŠ è½½å®šæ—¶ä»»åŠ¡æˆåŠŸï¼[Onmyojyinjiestart]
2020-04-10 06:51:37.060 INFO [main][QuartzScheduler.java:547] - Scheduler DefaultQuartzScheduler_$_NON_CLUSTERED started.
2020-04-10 06:51:37.060 INFO [main][RunApplication.java:21] - åŠ è½½å®šæ—¶ä»»åŠ¡æˆåŠŸï¼[OnmyojdaoguanFriToSun]
2020-04-10 06:51:37.060 INFO [main][QuartzScheduler.java:547] - Scheduler DefaultQuartzScheduler_$_NON_CLUSTERED started.
2020-04-10 06:51:37.061 INFO [main][RunApplication.java:21] - åŠ è½½å®šæ—¶ä»»åŠ¡æˆåŠŸï¼[Onmyojguiwang]
2020-04-10 06:51:37.061 INFO [main][QuartzScheduler.java:547] - Scheduler DefaultQuartzScheduler_$_NON_CLUSTERED started.
2020-04-10 06:51:37.063 INFO [main][RunApplication.java:21] - [36mCQ HTTP ç»„ä»¶ç›‘å¬æœåŠ¡å™¨[0må¯åŠ¨æˆåŠŸ, è€—æ—¶ 1,986 ms
2020-04-10 06:54:48.166 INFO [main][RunApplication.java:21] - properties config injected.
2020-04-10 06:54:48.872 INFO [main][RunApplication.java:21] - åŠ è½½ä¾èµ– >> {TYPE=class com.forte.qqrobot.depend.DependCenter, NAME='DependCenter'}
2020-04-10 06:54:48.876 INFO [main][RunApplication.java:21] - åŠ è½½ä¾èµ– >> {TYPE=class com.forte.qqrobot.utils.CQCodeUtil, NAME='CQCodeUtil'}
2020-04-10 06:54:48.879 INFO [main][RunApplication.java:21] - åŠ è½½ä¾èµ– >> {TYPE=class com.forte.component.forcoolqhttpapi.CoolQHttpApplication, NAME='CoolQHttpApplication'}
2020-04-10 06:54:48.891 INFO [main][RunApplication.java:21] - åŠ è½½ä¾èµ– >> {TYPE=class com.CQA.Listener.GroupListener, NAME='groupListener'}
2020-04-10 06:54:48.893 INFO [main][RunApplication.java:21] - åŠ è½½ä¾èµ– >> {TYPE=class com.CQA.Listener.PrivateListener, NAME='privateListener'}
2020-04-10 06:54:48.894 INFO [main][RunApplication.java:21] - åŠ è½½ä¾èµ– >> {TYPE=class com.CQA.Listener.OnmyoijiListener.OnmyojSenderList, NAME='onmyojSenderList'}
2020-04-10 06:54:48.894 INFO [main][RunApplication.java:21] - åŠ è½½ä¾èµ– >> {TYPE=class com.CQA.Listener.OnmyoijiListener.OnmyojfengmoEnd, NAME='onmyojfengmoEnd'}
2020-04-10 06:54:48.894 INFO [main][RunApplication.java:21] - åŠ è½½ä¾èµ– >> {TYPE=class com.CQA.Listener.OnmyoijiListener.OnmyojyinjieEnd, NAME='onmyojyinjieEnd'}
2020-04-10 06:54:48.894 INFO [main][RunApplication.java:21] - åŠ è½½ä¾èµ– >> {TYPE=class com.CQA.Listener.OnmyoijiListener.Onmyojfengmo, NAME='onmyojfengmo'}
2020-04-10 06:54:48.894 INFO [main][RunApplication.java:21] - åŠ è½½ä¾èµ– >> {TYPE=class com.CQA.Listener.OnmyoijiListener.Onmyojyinjiestart, NAME='onmyojyinjiestart'}
2020-04-10 06:54:48.895 INFO [main][RunApplication.java:21] - åŠ è½½ä¾èµ– >> {TYPE=class com.CQA.Listener.OnmyoijiListener.OnmyojdaoguanFriToSun, NAME='onmyojdaoguanFriToSun'}
2020-04-10 06:54:48.895 INFO [main][RunApplication.java:21] - åŠ è½½ä¾èµ– >> {TYPE=class com.CQA.Intercept.MyMsgIntercept, NAME='myMsgIntercept'}
2020-04-10 06:54:48.895 INFO [main][RunApplication.java:21] - åŠ è½½ä¾èµ– >> {TYPE=class com.CQA.Listener.OnmyoijiListener.Onmyojguiwang, NAME='onmyojguiwang'}
2020-04-10 06:54:48.895 INFO [main][RunApplication.java:21] - åŠ è½½ä¾èµ– >> {TYPE=class com.CQA.Bean.Groupable, NAME='groupable'}
2020-04-10 06:54:48.924 INFO [main][RunApplication.java:21] - åŠ è½½ä¾èµ– >> {TYPE=class com.forte.component.forcoolqhttpapi.CoolQHttpConfiguration, NAME='coolQHttpConfiguration'}
2020-04-10 06:54:48.926 INFO [main][RunApplication.java:21] - åŠ è½½ä¾èµ– >> {TYPE=class com.forte.qqrobot.BaseApplication$$Lambda$151/1021258849, NAME='baseApplication$$Lambda$151/1021258849'}
2020-04-10 06:54:48.927 INFO [main][RunApplication.java:21] - åŠ è½½ä¾èµ– >> {TYPE=class com.forte.qqrobot.BaseConfiguration$$Lambda$152/1731977615, NAME='baseConfiguration$$Lambda$152/1731977615'}
2020-04-10 06:54:48.930 INFO [main][RunApplication.java:21] - åŠ è½½ä¾èµ– >> {TYPE=class com.forte.qqrobot.bot.BotManagerImpl, NAME='botManagerImpl'}
2020-04-10 06:54:48.939 INFO [main][RunApplication.java:21] - ç›‘å¬å‡½æ•°åŠ è½½æˆåŠŸï¼[com.CQA.Listener.GroupListener#helpListen]
2020-04-10 06:54:48.939 INFO [main][RunApplication.java:21] - ç›‘å¬å‡½æ•°åŠ è½½æˆåŠŸï¼[com.CQA.Listener.GroupListener#suggestListen]
2020-04-10 06:54:48.939 INFO [main][RunApplication.java:21] - ç›‘å¬å‡½æ•°åŠ è½½æˆåŠŸï¼[com.CQA.Listener.GroupListener#signListen]
2020-04-10 06:54:48.940 INFO [main][RunApplication.java:21] - ç›‘å¬å‡½æ•°åŠ è½½æˆåŠŸï¼[com.CQA.Listener.GroupListener#repeatListen]
2020-04-10 06:54:48.941 INFO [main][RunApplication.java:21] - ç›‘å¬å‡½æ•°åŠ è½½æˆåŠŸï¼[com.CQA.Listener.PrivateListener#groupclose]
2020-04-10 06:54:48.941 INFO [main][RunApplication.java:21] - ç›‘å¬å‡½æ•°åŠ è½½æˆåŠŸï¼[com.CQA.Listener.PrivateListener#groupstatus]
2020-04-10 06:54:48.941 INFO [main][RunApplication.java:21] - ç›‘å¬å‡½æ•°åŠ è½½æˆåŠŸï¼[com.CQA.Listener.PrivateListener#groupopen]
2020-04-10 06:54:48.941 INFO [main][RunApplication.java:21] - ç›‘å¬å‡½æ•°åŠ è½½æˆåŠŸï¼[com.CQA.Listener.PrivateListener#testListen1]
2020-04-10 06:54:48.952 INFO [main][RunApplication.java:21] - åŠ è½½ä¾èµ– >> {TYPE=class com.forte.qqrobot.listener.invoker.ListenerManager, NAME='listenerManager'}
2020-04-10 06:54:49.924 INFO [main][RunApplication.java:21] - è´¦å·[Avalon(2229181390)]æ³¨å†ŒæˆåŠŸï¼
2020-04-10 06:54:49.925 INFO [main][RunApplication.java:21] - åŠ è½½ä¾èµ– >> {TYPE=class com.forte.qqrobot.BotRuntime, NAME='botRuntime'}
2020-04-10 06:54:49.939 INFO [main][RunApplication.java:21] - åŠ è½½ä¾èµ– >> {TYPE=class com.forte.component.forcoolqhttpapi.server.CoolQHttpServer, NAME='CoolQHttpServer'}
2020-04-10 06:54:49.939 INFO [main][RunApplication.java:21] - ç›‘å¬ç½‘å€   ï¼šhttp://[::]:15514/coolq
2020-04-10 06:54:49.940 INFO [main][RunApplication.java:21] - ç³»ç»Ÿåç§°: Windows 10
2020-04-10 06:54:49.940 INFO [main][RunApplication.java:21] - ç³»ç»Ÿç‰ˆæœ¬: 10.0
2020-04-10 06:54:49.940 INFO [main][RunApplication.java:21] - çº¿ç¨‹é˜»å¡ç³»æ•°ï¼š[32m0.0[0m
2020-04-10 06:54:49.940 INFO [main][RunApplication.java:21] - çº¿ç¨‹æ± æ ¸å¿ƒå¤§å°ï¼š[32m6[0m
2020-04-10 06:54:49.940 INFO [main][RunApplication.java:21] - çº¿ç¨‹æ± æœ€å¤§å¤§å°ï¼š[32m13[0m
2020-04-10 06:54:49.940 INFO [main][RunApplication.java:21] - è´¦å·ä¿¡æ¯è·å–æˆåŠŸ: è´¦å·: [32m2229181390[0m, æ˜µç§°: [32mAvalon[0m, ç­‰çº§: [32m29[0m
2020-04-10 06:54:49.959 INFO [main][StdSchedulerFactory.java:1220] - Using default implementation for ThreadExecutor
2020-04-10 06:54:49.960 INFO [main][SimpleThreadPool.java:268] - Job execution threads will use class loader of thread: main
2020-04-10 06:54:49.968 INFO [main][SchedulerSignalerImpl.java:61] - Initialized Scheduler Signaller of type: class org.quartz.core.SchedulerSignalerImpl
2020-04-10 06:54:49.968 INFO [main][QuartzScheduler.java:229] - Quartz Scheduler v.2.3.2 created.
2020-04-10 06:54:49.969 INFO [main][RAMJobStore.java:155] - RAMJobStore initialized.
2020-04-10 06:54:49.969 INFO [main][QuartzScheduler.java:294] - Scheduler meta-data: Quartz Scheduler (v2.3.2) 'DefaultQuartzScheduler' with instanceId 'NON_CLUSTERED'
  Scheduler class: 'org.quartz.core.QuartzScheduler' - running locally.
  NOT STARTED.
  Currently in standby mode.
  Number of jobs executed: 0
  Using thread pool 'org.quartz.simpl.SimpleThreadPool' - with 10 threads.
  Using job-store 'org.quartz.simpl.RAMJobStore' - which does not support persistence. and is not clustered.

2020-04-10 06:54:49.969 INFO [main][StdSchedulerFactory.java:1374] - Quartz scheduler 'DefaultQuartzScheduler' initialized from default resource file in Quartz package: 'quartz.properties'
2020-04-10 06:54:49.969 INFO [main][StdSchedulerFactory.java:1378] - Quartz scheduler version: 2.3.2
2020-04-10 06:54:49.969 INFO [main][QuartzScheduler.java:547] - Scheduler DefaultQuartzScheduler_$_NON_CLUSTERED started.
2020-04-10 06:54:49.975 INFO [main][RunApplication.java:21] - åŠ è½½å®šæ—¶ä»»åŠ¡æˆåŠŸï¼[OnmyojfengmoEnd]
2020-04-10 06:54:49.975 INFO [main][QuartzScheduler.java:547] - Scheduler DefaultQuartzScheduler_$_NON_CLUSTERED started.
2020-04-10 06:54:49.976 INFO [main][RunApplication.java:21] - åŠ è½½å®šæ—¶ä»»åŠ¡æˆåŠŸï¼[OnmyojyinjieEnd]
2020-04-10 06:54:49.976 INFO [main][QuartzScheduler.java:547] - Scheduler DefaultQuartzScheduler_$_NON_CLUSTERED started.
2020-04-10 06:54:49.977 INFO [main][RunApplication.java:21] - åŠ è½½å®šæ—¶ä»»åŠ¡æˆåŠŸï¼[Onmyojfengmo]
2020-04-10 06:54:49.977 INFO [main][QuartzScheduler.java:547] - Scheduler DefaultQuartzScheduler_$_NON_CLUSTERED started.
2020-04-10 06:54:49.977 INFO [main][RunApplication.java:21] - åŠ è½½å®šæ—¶ä»»åŠ¡æˆåŠŸï¼[Onmyojyinjiestart]
2020-04-10 06:54:49.977 INFO [main][QuartzScheduler.java:547] - Scheduler DefaultQuartzScheduler_$_NON_CLUSTERED started.
2020-04-10 06:54:49.978 INFO [main][RunApplication.java:21] - åŠ è½½å®šæ—¶ä»»åŠ¡æˆåŠŸï¼[OnmyojdaoguanFriToSun]
2020-04-10 06:54:49.978 INFO [main][QuartzScheduler.java:547] - Scheduler DefaultQuartzScheduler_$_NON_CLUSTERED started.
2020-04-10 06:54:49.979 INFO [main][RunApplication.java:21] - åŠ è½½å®šæ—¶ä»»åŠ¡æˆåŠŸï¼[Onmyojguiwang]
2020-04-10 06:54:49.979 INFO [main][QuartzScheduler.java:547] - Scheduler DefaultQuartzScheduler_$_NON_CLUSTERED started.
2020-04-10 06:54:49.981 INFO [main][RunApplication.java:21] - [36mCQ HTTP ç»„ä»¶ç›‘å¬æœåŠ¡å™¨[0må¯åŠ¨æˆåŠŸ, è€—æ—¶ 1,856 ms
2020-04-10 07:08:23.707 INFO [main][RunApplication.java:21] - properties config injected.
2020-04-10 07:08:24.602 INFO [main][RunApplication.java:21] - åŠ è½½ä¾èµ– >> {TYPE=class com.forte.qqrobot.depend.DependCenter, NAME='DependCenter'}
2020-04-10 07:08:24.607 INFO [main][RunApplication.java:21] - åŠ è½½ä¾èµ– >> {TYPE=class com.forte.qqrobot.utils.CQCodeUtil, NAME='CQCodeUtil'}
2020-04-10 07:08:24.610 INFO [main][RunApplication.java:21] - åŠ è½½ä¾èµ– >> {TYPE=class com.forte.component.forcoolqhttpapi.CoolQHttpApplication, NAME='CoolQHttpApplication'}
2020-04-10 07:08:24.622 INFO [main][RunApplication.java:21] - åŠ è½½ä¾èµ– >> {TYPE=class com.CQA.Listener.GroupListener, NAME='groupListener'}
2020-04-10 07:08:24.624 INFO [main][RunApplication.java:21] - åŠ è½½ä¾èµ– >> {TYPE=class com.CQA.Listener.PrivateListener, NAME='privateListener'}
2020-04-10 07:08:24.625 INFO [main][RunApplication.java:21] - åŠ è½½ä¾èµ– >> {TYPE=class com.CQA.Listener.OnmyoijiListener.OnmyojSenderList, NAME='onmyojSenderList'}
2020-04-10 07:08:24.625 INFO [main][RunApplication.java:21] - åŠ è½½ä¾èµ– >> {TYPE=class com.CQA.Listener.OnmyoijiListener.OnmyojfengmoEnd, NAME='onmyojfengmoEnd'}
2020-04-10 07:08:24.625 INFO [main][RunApplication.java:21] - åŠ è½½ä¾èµ– >> {TYPE=class com.CQA.Listener.OnmyoijiListener.OnmyojyinjieEnd, NAME='onmyojyinjieEnd'}
2020-04-10 07:08:24.625 INFO [main][RunApplication.java:21] - åŠ è½½ä¾èµ– >> {TYPE=class com.CQA.Listener.OnmyoijiListener.Onmyojfengmo, NAME='onmyojfengmo'}
2020-04-10 07:08:24.625 INFO [main][RunApplication.java:21] - åŠ è½½ä¾èµ– >> {TYPE=class com.CQA.Listener.OnmyoijiListener.Onmyojyinjiestart, NAME='onmyojyinjiestart'}
2020-04-10 07:08:24.626 INFO [main][RunApplication.java:21] - åŠ è½½ä¾èµ– >> {TYPE=class com.CQA.Listener.OnmyoijiListener.OnmyojdaoguanFriToSun, NAME='onmyojdaoguanFriToSun'}
2020-04-10 07:08:24.626 INFO [main][RunApplication.java:21] - åŠ è½½ä¾èµ– >> {TYPE=class com.CQA.Intercept.MyMsgIntercept, NAME='myMsgIntercept'}
2020-04-10 07:08:24.626 INFO [main][RunApplication.java:21] - åŠ è½½ä¾èµ– >> {TYPE=class com.CQA.Listener.OnmyoijiListener.Onmyojguiwang, NAME='onmyojguiwang'}
2020-04-10 07:08:24.626 INFO [main][RunApplication.java:21] - åŠ è½½ä¾èµ– >> {TYPE=class com.CQA.Bean.Groupable, NAME='groupable'}
2020-04-10 07:08:24.656 INFO [main][RunApplication.java:21] - åŠ è½½ä¾èµ– >> {TYPE=class com.forte.component.forcoolqhttpapi.CoolQHttpConfiguration, NAME='coolQHttpConfiguration'}
2020-04-10 07:08:24.658 INFO [main][RunApplication.java:21] - åŠ è½½ä¾èµ– >> {TYPE=class com.forte.qqrobot.BaseApplication$$Lambda$151/1021258849, NAME='baseApplication$$Lambda$151/1021258849'}
2020-04-10 07:08:24.658 INFO [main][RunApplication.java:21] - åŠ è½½ä¾èµ– >> {TYPE=class com.forte.qqrobot.BaseConfiguration$$Lambda$152/1731977615, NAME='baseConfiguration$$Lambda$152/1731977615'}
2020-04-10 07:08:24.662 INFO [main][RunApplication.java:21] - åŠ è½½ä¾èµ– >> {TYPE=class com.forte.qqrobot.bot.BotManagerImpl, NAME='botManagerImpl'}
2020-04-10 07:08:24.671 INFO [main][RunApplication.java:21] - ç›‘å¬å‡½æ•°åŠ è½½æˆåŠŸï¼[com.CQA.Listener.GroupListener#repeatListen]
2020-04-10 07:08:24.672 INFO [main][RunApplication.java:21] - ç›‘å¬å‡½æ•°åŠ è½½æˆåŠŸï¼[com.CQA.Listener.GroupListener#signListen]
2020-04-10 07:08:24.672 INFO [main][RunApplication.java:21] - ç›‘å¬å‡½æ•°åŠ è½½æˆåŠŸï¼[com.CQA.Listener.GroupListener#suggestListen]
2020-04-10 07:08:24.672 INFO [main][RunApplication.java:21] - ç›‘å¬å‡½æ•°åŠ è½½æˆåŠŸï¼[com.CQA.Listener.GroupListener#helpListen]
2020-04-10 07:08:24.673 INFO [main][RunApplication.java:21] - ç›‘å¬å‡½æ•°åŠ è½½æˆåŠŸï¼[com.CQA.Listener.PrivateListener#groupclose]
2020-04-10 07:08:24.673 INFO [main][RunApplication.java:21] - ç›‘å¬å‡½æ•°åŠ è½½æˆåŠŸï¼[com.CQA.Listener.PrivateListener#groupopen]
2020-04-10 07:08:24.673 INFO [main][RunApplication.java:21] - ç›‘å¬å‡½æ•°åŠ è½½æˆåŠŸï¼[com.CQA.Listener.PrivateListener#testListen1]
2020-04-10 07:08:24.674 INFO [main][RunApplication.java:21] - ç›‘å¬å‡½æ•°åŠ è½½æˆåŠŸï¼[com.CQA.Listener.PrivateListener#groupstatus]
2020-04-10 07:08:24.685 INFO [main][RunApplication.java:21] - åŠ è½½ä¾èµ– >> {TYPE=class com.forte.qqrobot.listener.invoker.ListenerManager, NAME='listenerManager'}
2020-04-10 07:08:25.626 INFO [main][RunApplication.java:21] - è´¦å·[Avalon(2229181390)]æ³¨å†ŒæˆåŠŸï¼
2020-04-10 07:08:25.629 INFO [main][RunApplication.java:21] - åŠ è½½ä¾èµ– >> {TYPE=class com.forte.qqrobot.BotRuntime, NAME='botRuntime'}
2020-04-10 07:08:25.660 INFO [main][RunApplication.java:21] - åŠ è½½ä¾èµ– >> {TYPE=class com.forte.component.forcoolqhttpapi.server.CoolQHttpServer, NAME='CoolQHttpServer'}
2020-04-10 07:08:25.660 INFO [main][RunApplication.java:21] - ç›‘å¬ç½‘å€   ï¼šhttp://[::]:15514/coolq
2020-04-10 07:08:25.661 INFO [main][RunApplication.java:21] - ç³»ç»Ÿåç§°: Windows 10
2020-04-10 07:08:25.661 INFO [main][RunApplication.java:21] - ç³»ç»Ÿç‰ˆæœ¬: 10.0
2020-04-10 07:08:25.662 INFO [main][RunApplication.java:21] - çº¿ç¨‹é˜»å¡ç³»æ•°ï¼š[32m0.0[0m
2020-04-10 07:08:25.662 INFO [main][RunApplication.java:21] - çº¿ç¨‹æ± æ ¸å¿ƒå¤§å°ï¼š[32m6[0m
2020-04-10 07:08:25.662 INFO [main][RunApplication.java:21] - çº¿ç¨‹æ± æœ€å¤§å¤§å°ï¼š[32m13[0m
2020-04-10 07:08:25.662 INFO [main][RunApplication.java:21] - è´¦å·ä¿¡æ¯è·å–æˆåŠŸ: è´¦å·: [32m2229181390[0m, æ˜µç§°: [32mAvalon[0m, ç­‰çº§: [32m29[0m
2020-04-10 07:08:25.684 INFO [main][StdSchedulerFactory.java:1220] - Using default implementation for ThreadExecutor
2020-04-10 07:08:25.686 INFO [main][SimpleThreadPool.java:268] - Job execution threads will use class loader of thread: main
2020-04-10 07:08:25.693 INFO [main][SchedulerSignalerImpl.java:61] - Initialized Scheduler Signaller of type: class org.quartz.core.SchedulerSignalerImpl
2020-04-10 07:08:25.694 INFO [main][QuartzScheduler.java:229] - Quartz Scheduler v.2.3.2 created.
2020-04-10 07:08:25.694 INFO [main][RAMJobStore.java:155] - RAMJobStore initialized.
2020-04-10 07:08:25.695 INFO [main][QuartzScheduler.java:294] - Scheduler meta-data: Quartz Scheduler (v2.3.2) 'DefaultQuartzScheduler' with instanceId 'NON_CLUSTERED'
  Scheduler class: 'org.quartz.core.QuartzScheduler' - running locally.
  NOT STARTED.
  Currently in standby mode.
  Number of jobs executed: 0
  Using thread pool 'org.quartz.simpl.SimpleThreadPool' - with 10 threads.
  Using job-store 'org.quartz.simpl.RAMJobStore' - which does not support persistence. and is not clustered.

2020-04-10 07:08:25.695 INFO [main][StdSchedulerFactory.java:1374] - Quartz scheduler 'DefaultQuartzScheduler' initialized from default resource file in Quartz package: 'quartz.properties'
2020-04-10 07:08:25.695 INFO [main][StdSchedulerFactory.java:1378] - Quartz scheduler version: 2.3.2
2020-04-10 07:08:25.696 INFO [main][QuartzScheduler.java:547] - Scheduler DefaultQuartzScheduler_$_NON_CLUSTERED started.
2020-04-10 07:08:25.702 INFO [main][RunApplication.java:21] - åŠ è½½å®šæ—¶ä»»åŠ¡æˆåŠŸï¼[OnmyojfengmoEnd]
2020-04-10 07:08:25.702 INFO [main][QuartzScheduler.java:547] - Scheduler DefaultQuartzScheduler_$_NON_CLUSTERED started.
2020-04-10 07:08:25.703 INFO [main][RunApplication.java:21] - åŠ è½½å®šæ—¶ä»»åŠ¡æˆåŠŸï¼[OnmyojyinjieEnd]
2020-04-10 07:08:25.703 INFO [main][QuartzScheduler.java:547] - Scheduler DefaultQuartzScheduler_$_NON_CLUSTERED started.
2020-04-10 07:08:25.703 INFO [main][RunApplication.java:21] - åŠ è½½å®šæ—¶ä»»åŠ¡æˆåŠŸï¼[Onmyojfengmo]
2020-04-10 07:08:25.703 INFO [main][QuartzScheduler.java:547] - Scheduler DefaultQuartzScheduler_$_NON_CLUSTERED started.
2020-04-10 07:08:25.704 INFO [main][RunApplication.java:21] - åŠ è½½å®šæ—¶ä»»åŠ¡æˆåŠŸï¼[Onmyojyinjiestart]
2020-04-10 07:08:25.704 INFO [main][QuartzScheduler.java:547] - Scheduler DefaultQuartzScheduler_$_NON_CLUSTERED started.
2020-04-10 07:08:25.705 INFO [main][RunApplication.java:21] - åŠ è½½å®šæ—¶ä»»åŠ¡æˆåŠŸï¼[OnmyojdaoguanFriToSun]
2020-04-10 07:08:25.705 INFO [main][QuartzScheduler.java:547] - Scheduler DefaultQuartzScheduler_$_NON_CLUSTERED started.
2020-04-10 07:08:25.705 INFO [main][RunApplication.java:21] - åŠ è½½å®šæ—¶ä»»åŠ¡æˆåŠŸï¼[Onmyojguiwang]
2020-04-10 07:08:25.706 INFO [main][QuartzScheduler.java:547] - Scheduler DefaultQuartzScheduler_$_NON_CLUSTERED started.
2020-04-10 07:08:25.707 INFO [main][RunApplication.java:21] - [36mCQ HTTP ç»„ä»¶ç›‘å¬æœåŠ¡å™¨[0må¯åŠ¨æˆåŠŸ, è€—æ—¶ 2,044 ms
2020-04-10 14:00:01.315 INFO [main][RunApplication.java:21] - properties config injected.
2020-04-10 14:00:02.361 INFO [main][RunApplication.java:21] - åŠ è½½ä¾èµ– >> {TYPE=class com.forte.qqrobot.depend.DependCenter, NAME='DependCenter'}
2020-04-10 14:00:02.367 INFO [main][RunApplication.java:21] - åŠ è½½ä¾èµ– >> {TYPE=class com.forte.qqrobot.utils.CQCodeUtil, NAME='CQCodeUtil'}
2020-04-10 14:00:02.372 INFO [main][RunApplication.java:21] - åŠ è½½ä¾èµ– >> {TYPE=class com.forte.component.forcoolqhttpapi.CoolQHttpApplication, NAME='CoolQHttpApplication'}
2020-04-10 14:00:02.393 INFO [main][RunApplication.java:21] - åŠ è½½ä¾èµ– >> {TYPE=class com.CQA.Listener.GroupListener, NAME='groupListener'}
2020-04-10 14:00:02.397 INFO [main][RunApplication.java:21] - åŠ è½½ä¾èµ– >> {TYPE=class com.CQA.Listener.PrivateListener, NAME='privateListener'}
2020-04-10 14:00:02.397 INFO [main][RunApplication.java:21] - åŠ è½½ä¾èµ– >> {TYPE=class com.CQA.Listener.OnmyoijiListener.OnmyojSenderList, NAME='onmyojSenderList'}
2020-04-10 14:00:02.398 INFO [main][RunApplication.java:21] - åŠ è½½ä¾èµ– >> {TYPE=class com.CQA.Listener.OnmyoijiListener.OnmyojfengmoEnd, NAME='onmyojfengmoEnd'}
2020-04-10 14:00:02.398 INFO [main][RunApplication.java:21] - åŠ è½½ä¾èµ– >> {TYPE=class com.CQA.Listener.OnmyoijiListener.OnmyojyinjieEnd, NAME='onmyojyinjieEnd'}
2020-04-10 14:00:02.398 INFO [main][RunApplication.java:21] - åŠ è½½ä¾èµ– >> {TYPE=class com.CQA.Listener.OnmyoijiListener.Onmyojfengmo, NAME='onmyojfengmo'}
2020-04-10 14:00:02.398 INFO [main][RunApplication.java:21] - åŠ è½½ä¾èµ– >> {TYPE=class com.CQA.Listener.OnmyoijiListener.Onmyojyinjiestart, NAME='onmyojyinjiestart'}
2020-04-10 14:00:02.398 INFO [main][RunApplication.java:21] - åŠ è½½ä¾èµ– >> {TYPE=class com.CQA.Listener.OnmyoijiListener.OnmyojdaoguanFriToSun, NAME='onmyojdaoguanFriToSun'}
2020-04-10 14:00:02.399 INFO [main][RunApplication.java:21] - åŠ è½½ä¾èµ– >> {TYPE=class com.CQA.Intercept.MyMsgIntercept, NAME='myMsgIntercept'}
2020-04-10 14:00:02.399 INFO [main][RunApplication.java:21] - åŠ è½½ä¾èµ– >> {TYPE=class com.CQA.Listener.OnmyoijiListener.Onmyojguiwang, NAME='onmyojguiwang'}
2020-04-10 14:00:02.399 INFO [main][RunApplication.java:21] - åŠ è½½ä¾èµ– >> {TYPE=class com.CQA.Bean.Groupable, NAME='groupable'}
2020-04-10 14:00:02.433 INFO [main][RunApplication.java:21] - åŠ è½½ä¾èµ– >> {TYPE=class com.forte.component.forcoolqhttpapi.CoolQHttpConfiguration, NAME='coolQHttpConfiguration'}
2020-04-10 14:00:02.435 INFO [main][RunApplication.java:21] - åŠ è½½ä¾èµ– >> {TYPE=class com.forte.qqrobot.BaseApplication$$Lambda$151/1021258849, NAME='baseApplication$$Lambda$151/1021258849'}
2020-04-10 14:00:02.436 INFO [main][RunApplication.java:21] - åŠ è½½ä¾èµ– >> {TYPE=class com.forte.qqrobot.BaseConfiguration$$Lambda$152/1731977615, NAME='baseConfiguration$$Lambda$152/1731977615'}
2020-04-10 14:00:02.440 INFO [main][RunApplication.java:21] - åŠ è½½ä¾èµ– >> {TYPE=class com.forte.qqrobot.bot.BotManagerImpl, NAME='botManagerImpl'}
2020-04-10 14:00:02.451 INFO [main][RunApplication.java:21] - ç›‘å¬å‡½æ•°åŠ è½½æˆåŠŸï¼[com.CQA.Listener.GroupListener#helpListen]
2020-04-10 14:00:02.452 INFO [main][RunApplication.java:21] - ç›‘å¬å‡½æ•°åŠ è½½æˆåŠŸï¼[com.CQA.Listener.GroupListener#suggestListen]
2020-04-10 14:00:02.452 INFO [main][RunApplication.java:21] - ç›‘å¬å‡½æ•°åŠ è½½æˆåŠŸï¼[com.CQA.Listener.GroupListener#signListen]
2020-04-10 14:00:02.453 INFO [main][RunApplication.java:21] - ç›‘å¬å‡½æ•°åŠ è½½æˆåŠŸï¼[com.CQA.Listener.PrivateListener#groupclose]
2020-04-10 14:00:02.454 INFO [main][RunApplication.java:21] - ç›‘å¬å‡½æ•°åŠ è½½æˆåŠŸï¼[com.CQA.Listener.PrivateListener#groupstatus]
2020-04-10 14:00:02.454 INFO [main][RunApplication.java:21] - ç›‘å¬å‡½æ•°åŠ è½½æˆåŠŸï¼[com.CQA.Listener.PrivateListener#groupopen]
2020-04-10 14:00:02.454 INFO [main][RunApplication.java:21] - ç›‘å¬å‡½æ•°åŠ è½½æˆåŠŸï¼[com.CQA.Listener.PrivateListener#testListen1]
2020-04-10 14:00:02.469 INFO [main][RunApplication.java:21] - åŠ è½½ä¾èµ– >> {TYPE=class com.forte.qqrobot.listener.invoker.ListenerManager, NAME='listenerManager'}
2020-04-10 14:00:03.775 INFO [main][RunApplication.java:21] - è´¦å·[Avalon(2229181390)]æ³¨å†ŒæˆåŠŸï¼
2020-04-10 14:00:03.776 INFO [main][RunApplication.java:21] - åŠ è½½ä¾èµ– >> {TYPE=class com.forte.qqrobot.BotRuntime, NAME='botRuntime'}
2020-04-10 14:00:03.796 INFO [main][RunApplication.java:21] - åŠ è½½ä¾èµ– >> {TYPE=class com.forte.component.forcoolqhttpapi.server.CoolQHttpServer, NAME='CoolQHttpServer'}
2020-04-10 14:00:03.797 INFO [main][RunApplication.java:21] - ç›‘å¬ç½‘å€   ï¼šhttp://[::]:15514/coolq
2020-04-10 14:00:03.797 INFO [main][RunApplication.java:21] - ç³»ç»Ÿåç§°: Windows 10
2020-04-10 14:00:03.797 INFO [main][RunApplication.java:21] - ç³»ç»Ÿç‰ˆæœ¬: 10.0
2020-04-10 14:00:03.797 INFO [main][RunApplication.java:21] - çº¿ç¨‹é˜»å¡ç³»æ•°ï¼š[32m0.0[0m
2020-04-10 14:00:03.797 INFO [main][RunApplication.java:21] - çº¿ç¨‹æ± æ ¸å¿ƒå¤§å°ï¼š[32m6[0m
2020-04-10 14:00:03.798 INFO [main][RunApplication.java:21] - çº¿ç¨‹æ± æœ€å¤§å¤§å°ï¼š[32m13[0m
2020-04-10 14:00:03.798 INFO [main][RunApplication.java:21] - è´¦å·ä¿¡æ¯è·å–æˆåŠŸ: è´¦å·: [32m2229181390[0m, æ˜µç§°: [32mAvalon[0m, ç­‰çº§: [32m29[0m
2020-04-10 14:00:03.822 INFO [main][StdSchedulerFactory.java:1220] - Using default implementation for ThreadExecutor
2020-04-10 14:00:03.823 INFO [main][SimpleThreadPool.java:268] - Job execution threads will use class loader of thread: main
2020-04-10 14:00:03.834 INFO [main][SchedulerSignalerImpl.java:61] - Initialized Scheduler Signaller of type: class org.quartz.core.SchedulerSignalerImpl
2020-04-10 14:00:03.834 INFO [main][QuartzScheduler.java:229] - Quartz Scheduler v.2.3.2 created.
2020-04-10 14:00:03.835 INFO [main][RAMJobStore.java:155] - RAMJobStore initialized.
2020-04-10 14:00:03.836 INFO [main][QuartzScheduler.java:294] - Scheduler meta-data: Quartz Scheduler (v2.3.2) 'DefaultQuartzScheduler' with instanceId 'NON_CLUSTERED'
  Scheduler class: 'org.quartz.core.QuartzScheduler' - running locally.
  NOT STARTED.
  Currently in standby mode.
  Number of jobs executed: 0
  Using thread pool 'org.quartz.simpl.SimpleThreadPool' - with 10 threads.
  Using job-store 'org.quartz.simpl.RAMJobStore' - which does not support persistence. and is not clustered.

2020-04-10 14:00:03.836 INFO [main][StdSchedulerFactory.java:1374] - Quartz scheduler 'DefaultQuartzScheduler' initialized from default resource file in Quartz package: 'quartz.properties'
2020-04-10 14:00:03.836 INFO [main][StdSchedulerFactory.java:1378] - Quartz scheduler version: 2.3.2
2020-04-10 14:00:03.836 INFO [main][QuartzScheduler.java:547] - Scheduler DefaultQuartzScheduler_$_NON_CLUSTERED started.
2020-04-10 14:00:03.846 INFO [main][RunApplication.java:21] - åŠ è½½å®šæ—¶ä»»åŠ¡æˆåŠŸï¼[OnmyojfengmoEnd]
2020-04-10 14:00:03.846 INFO [main][QuartzScheduler.java:547] - Scheduler DefaultQuartzScheduler_$_NON_CLUSTERED started.
2020-04-10 14:00:03.846 INFO [main][RunApplication.java:21] - åŠ è½½å®šæ—¶ä»»åŠ¡æˆåŠŸï¼[OnmyojyinjieEnd]
2020-04-10 14:00:03.847 INFO [main][QuartzScheduler.java:547] - Scheduler DefaultQuartzScheduler_$_NON_CLUSTERED started.
2020-04-10 14:00:03.847 INFO [main][RunApplication.java:21] - åŠ è½½å®šæ—¶ä»»åŠ¡æˆåŠŸï¼[Onmyojfengmo]
2020-04-10 14:00:03.847 INFO [main][QuartzScheduler.java:547] - Scheduler DefaultQuartzScheduler_$_NON_CLUSTERED started.
2020-04-10 14:00:03.848 INFO [main][RunApplication.java:21] - åŠ è½½å®šæ—¶ä»»åŠ¡æˆåŠŸï¼[Onmyojyinjiestart]
2020-04-10 14:00:03.848 INFO [main][QuartzScheduler.java:547] - Scheduler DefaultQuartzScheduler_$_NON_CLUSTERED started.
2020-04-10 14:00:03.851 INFO [main][RunApplication.java:21] - åŠ è½½å®šæ—¶ä»»åŠ¡æˆåŠŸï¼[OnmyojdaoguanFriToSun]
2020-04-10 14:00:03.851 INFO [main][QuartzScheduler.java:547] - Scheduler DefaultQuartzScheduler_$_NON_CLUSTERED started.
2020-04-10 14:00:03.852 INFO [main][RunApplication.java:21] - åŠ è½½å®šæ—¶ä»»åŠ¡æˆåŠŸï¼[Onmyojguiwang]
2020-04-10 14:00:03.852 INFO [main][QuartzScheduler.java:547] - Scheduler DefaultQuartzScheduler_$_NON_CLUSTERED started.
2020-04-10 14:00:03.854 INFO [main][RunApplication.java:21] - [36mCQ HTTP ç»„ä»¶ç›‘å¬æœåŠ¡å™¨[0må¯åŠ¨æˆåŠŸ, è€—æ—¶ 2,600 ms
2020-04-10 17:00:00.005 INFO [DefaultQuartzScheduler_Worker-1][RunApplication.java:21] - æ¯æ—¥é€¢é­”æé†’
2020-04-10 17:00:00.104 INFO [DefaultQuartzScheduler_Worker-1][RunApplication.java:21] - æ¯å‘¨é€¢é­”æé†’å®Œæˆ
2020-04-10 19:00:00.004 INFO [DefaultQuartzScheduler_Worker-2][RunApplication.java:21] - æ¯å‘¨é˜´ç•Œæé†’
2020-04-10 19:00:00.096 INFO [DefaultQuartzScheduler_Worker-2][RunApplication.java:21] - æ¯å‘¨é˜´ç•Œæé†’å®Œæˆ
2020-04-10 19:28:00.001 INFO [DefaultQuartzScheduler_Worker-3][RunApplication.java:21] - æ¯å‘¨äº”åˆ°å‘¨æ—¥é“é¦†æé†’
2020-04-10 19:28:00.091 INFO [DefaultQuartzScheduler_Worker-3][RunApplication.java:21] - æ¯å‘¨äº”åˆ°å‘¨æ—¥é“é¦†æé†’å®Œæˆ
2020-04-10 19:54:17.802 INFO [main][RunApplication.java:21] - properties config injected.
2020-04-10 19:54:18.584 INFO [main][RunApplication.java:21] - åŠ è½½ä¾èµ– >> {TYPE=class com.forte.qqrobot.depend.DependCenter, NAME='DependCenter'}
2020-04-10 19:54:18.589 INFO [main][RunApplication.java:21] - åŠ è½½ä¾èµ– >> {TYPE=class com.forte.qqrobot.utils.CQCodeUtil, NAME='CQCodeUtil'}
2020-04-10 19:54:18.595 INFO [main][RunApplication.java:21] - åŠ è½½ä¾èµ– >> {TYPE=class com.forte.component.forcoolqhttpapi.CoolQHttpApplication, NAME='CoolQHttpApplication'}
2020-04-10 19:54:18.611 INFO [main][RunApplication.java:21] - åŠ è½½ä¾èµ– >> {TYPE=class com.CQA.Listener.GroupListener, NAME='groupListener'}
2020-04-10 19:54:18.614 INFO [main][RunApplication.java:21] - åŠ è½½ä¾èµ– >> {TYPE=class com.CQA.Listener.PrivateListener, NAME='privateListener'}
2020-04-10 19:54:18.614 INFO [main][RunApplication.java:21] - åŠ è½½ä¾èµ– >> {TYPE=class com.CQA.Listener.OnmyoijiListener.OnmyojSenderList, NAME='onmyojSenderList'}
2020-04-10 19:54:18.615 INFO [main][RunApplication.java:21] - åŠ è½½ä¾èµ– >> {TYPE=class com.CQA.Listener.OnmyoijiListener.OnmyojfengmoEnd, NAME='onmyojfengmoEnd'}
2020-04-10 19:54:18.615 INFO [main][RunApplication.java:21] - åŠ è½½ä¾èµ– >> {TYPE=class com.CQA.Listener.OnmyoijiListener.OnmyojyinjieEnd, NAME='onmyojyinjieEnd'}
2020-04-10 19:54:18.615 INFO [main][RunApplication.java:21] - åŠ è½½ä¾èµ– >> {TYPE=class com.CQA.Listener.OnmyoijiListener.Onmyojfengmo, NAME='onmyojfengmo'}
2020-04-10 19:54:18.616 INFO [main][RunApplication.java:21] - åŠ è½½ä¾èµ– >> {TYPE=class com.CQA.Listener.OnmyoijiListener.Onmyojyinjiestart, NAME='onmyojyinjiestart'}
2020-04-10 19:54:18.616 INFO [main][RunApplication.java:21] - åŠ è½½ä¾èµ– >> {TYPE=class com.CQA.Listener.OnmyoijiListener.OnmyojdaoguanFriToSun, NAME='onmyojdaoguanFriToSun'}
2020-04-10 19:54:18.617 INFO [main][RunApplication.java:21] - åŠ è½½ä¾èµ– >> {TYPE=class com.CQA.Intercept.MyMsgIntercept, NAME='myMsgIntercept'}
2020-04-10 19:54:18.617 INFO [main][RunApplication.java:21] - åŠ è½½ä¾èµ– >> {TYPE=class com.CQA.Listener.OnmyoijiListener.Onmyojguiwang, NAME='onmyojguiwang'}
2020-04-10 19:54:18.617 INFO [main][RunApplication.java:21] - åŠ è½½ä¾èµ– >> {TYPE=class com.CQA.Bean.Groupable, NAME='groupable'}
2020-04-10 19:54:18.652 INFO [main][RunApplication.java:21] - åŠ è½½ä¾èµ– >> {TYPE=class com.forte.component.forcoolqhttpapi.CoolQHttpConfiguration, NAME='coolQHttpConfiguration'}
2020-04-10 19:54:18.654 INFO [main][RunApplication.java:21] - åŠ è½½ä¾èµ– >> {TYPE=class com.forte.qqrobot.BaseApplication$$Lambda$151/1021258849, NAME='baseApplication$$Lambda$151/1021258849'}
2020-04-10 19:54:18.655 INFO [main][RunApplication.java:21] - åŠ è½½ä¾èµ– >> {TYPE=class com.forte.qqrobot.BaseConfiguration$$Lambda$152/1731977615, NAME='baseConfiguration$$Lambda$152/1731977615'}
2020-04-10 19:54:18.660 INFO [main][RunApplication.java:21] - åŠ è½½ä¾èµ– >> {TYPE=class com.forte.qqrobot.bot.BotManagerImpl, NAME='botManagerImpl'}
2020-04-10 19:54:18.672 INFO [main][RunApplication.java:21] - ç›‘å¬å‡½æ•°åŠ è½½æˆåŠŸï¼[com.CQA.Listener.GroupListener#suggestListen]
2020-04-10 19:54:18.672 INFO [main][RunApplication.java:21] - ç›‘å¬å‡½æ•°åŠ è½½æˆåŠŸï¼[com.CQA.Listener.GroupListener#helpListen]
2020-04-10 19:54:18.673 INFO [main][RunApplication.java:21] - ç›‘å¬å‡½æ•°åŠ è½½æˆåŠŸï¼[com.CQA.Listener.GroupListener#signListen]
2020-04-10 19:54:18.675 INFO [main][RunApplication.java:21] - ç›‘å¬å‡½æ•°åŠ è½½æˆåŠŸï¼[com.CQA.Listener.PrivateListener#groupstatus]
2020-04-10 19:54:18.676 INFO [main][RunApplication.java:21] - ç›‘å¬å‡½æ•°åŠ è½½æˆåŠŸï¼[com.CQA.Listener.PrivateListener#groupopen]
2020-04-10 19:54:18.676 INFO [main][RunApplication.java:21] - ç›‘å¬å‡½æ•°åŠ è½½æˆåŠŸï¼[com.CQA.Listener.PrivateListener#groupclose]
2020-04-10 19:54:18.676 INFO [main][RunApplication.java:21] - ç›‘å¬å‡½æ•°åŠ è½½æˆåŠŸï¼[com.CQA.Listener.PrivateListener#testListen1]
2020-04-10 19:54:18.689 INFO [main][RunApplication.java:21] - åŠ è½½ä¾èµ– >> {TYPE=class com.forte.qqrobot.listener.invoker.ListenerManager, NAME='listenerManager'}
2020-04-10 19:54:19.728 INFO [main][RunApplication.java:21] - è´¦å·[Avalon(2229181390)]æ³¨å†ŒæˆåŠŸï¼
2020-04-10 19:54:19.729 INFO [main][RunApplication.java:21] - åŠ è½½ä¾èµ– >> {TYPE=class com.forte.qqrobot.BotRuntime, NAME='botRuntime'}
2020-04-10 19:54:19.748 INFO [main][RunApplication.java:21] - åŠ è½½ä¾èµ– >> {TYPE=class com.forte.component.forcoolqhttpapi.server.CoolQHttpServer, NAME='CoolQHttpServer'}
2020-04-10 19:54:19.749 INFO [main][RunApplication.java:21] - ç›‘å¬ç½‘å€   ï¼šhttp://[::]:15514/coolq
2020-04-10 19:54:19.749 INFO [main][RunApplication.java:21] - ç³»ç»Ÿåç§°: Windows 10
2020-04-10 19:54:19.749 INFO [main][RunApplication.java:21] - ç³»ç»Ÿç‰ˆæœ¬: 10.0
2020-04-10 19:54:19.749 INFO [main][RunApplication.java:21] - çº¿ç¨‹é˜»å¡ç³»æ•°ï¼š[32m0.0[0m
2020-04-10 19:54:19.750 INFO [main][RunApplication.java:21] - çº¿ç¨‹æ± æ ¸å¿ƒå¤§å°ï¼š[32m6[0m
2020-04-10 19:54:19.750 INFO [main][RunApplication.java:21] - çº¿ç¨‹æ± æœ€å¤§å¤§å°ï¼š[32m13[0m
2020-04-10 19:54:19.750 INFO [main][RunApplication.java:21] - è´¦å·ä¿¡æ¯è·å–æˆåŠŸ: è´¦å·: [32m2229181390[0m, æ˜µç§°: [32mAvalon[0m, ç­‰çº§: [32m29[0m
2020-04-10 19:54:19.776 INFO [main][StdSchedulerFactory.java:1220] - Using default implementation for ThreadExecutor
2020-04-10 19:54:19.779 INFO [main][SimpleThreadPool.java:268] - Job execution threads will use class loader of thread: main
2020-04-10 19:54:19.787 INFO [main][SchedulerSignalerImpl.java:61] - Initialized Scheduler Signaller of type: class org.quartz.core.SchedulerSignalerImpl
2020-04-10 19:54:19.788 INFO [main][QuartzScheduler.java:229] - Quartz Scheduler v.2.3.2 created.
2020-04-10 19:54:19.788 INFO [main][RAMJobStore.java:155] - RAMJobStore initialized.
2020-04-10 19:54:19.789 INFO [main][QuartzScheduler.java:294] - Scheduler meta-data: Quartz Scheduler (v2.3.2) 'DefaultQuartzScheduler' with instanceId 'NON_CLUSTERED'
  Scheduler class: 'org.quartz.core.QuartzScheduler' - running locally.
  NOT STARTED.
  Currently in standby mode.
  Number of jobs executed: 0
  Using thread pool 'org.quartz.simpl.SimpleThreadPool' - with 10 threads.
  Using job-store 'org.quartz.simpl.RAMJobStore' - which does not support persistence. and is not clustered.

2020-04-10 19:54:19.789 INFO [main][StdSchedulerFactory.java:1374] - Quartz scheduler 'DefaultQuartzScheduler' initialized from default resource file in Quartz package: 'quartz.properties'
2020-04-10 19:54:19.789 INFO [main][StdSchedulerFactory.java:1378] - Quartz scheduler version: 2.3.2
2020-04-10 19:54:19.790 INFO [main][QuartzScheduler.java:547] - Scheduler DefaultQuartzScheduler_$_NON_CLUSTERED started.
2020-04-10 19:54:19.798 INFO [main][RunApplication.java:21] - åŠ è½½å®šæ—¶ä»»åŠ¡æˆåŠŸï¼[OnmyojfengmoEnd]
2020-04-10 19:54:19.798 INFO [main][QuartzScheduler.java:547] - Scheduler DefaultQuartzScheduler_$_NON_CLUSTERED started.
2020-04-10 19:54:19.798 INFO [main][RunApplication.java:21] - åŠ è½½å®šæ—¶ä»»åŠ¡æˆåŠŸï¼[OnmyojyinjieEnd]
2020-04-10 19:54:19.799 INFO [main][QuartzScheduler.java:547] - Scheduler DefaultQuartzScheduler_$_NON_CLUSTERED started.
2020-04-10 19:54:19.799 INFO [main][RunApplication.java:21] - åŠ è½½å®šæ—¶ä»»åŠ¡æˆåŠŸï¼[Onmyojfengmo]
2020-04-10 19:54:19.799 INFO [main][QuartzScheduler.java:547] - Scheduler DefaultQuartzScheduler_$_NON_CLUSTERED started.
2020-04-10 19:54:19.800 INFO [main][RunApplication.java:21] - åŠ è½½å®šæ—¶ä»»åŠ¡æˆåŠŸï¼[Onmyojyinjiestart]
2020-04-10 19:54:19.800 INFO [main][QuartzScheduler.java:547] - Scheduler DefaultQuartzScheduler_$_NON_CLUSTERED started.
2020-04-10 19:54:19.800 INFO [main][RunApplication.java:21] - åŠ è½½å®šæ—¶ä»»åŠ¡æˆåŠŸï¼[OnmyojdaoguanFriToSun]
2020-04-10 19:54:19.801 INFO [main][QuartzScheduler.java:547] - Scheduler DefaultQuartzScheduler_$_NON_CLUSTERED started.
2020-04-10 19:54:19.801 INFO [main][RunApplication.java:21] - åŠ è½½å®šæ—¶ä»»åŠ¡æˆåŠŸï¼[Onmyojguiwang]
2020-04-10 19:54:19.801 INFO [main][QuartzScheduler.java:547] - Scheduler DefaultQuartzScheduler_$_NON_CLUSTERED started.
2020-04-10 19:54:19.803 INFO [main][RunApplication.java:21] - [36mCQ HTTP ç»„ä»¶ç›‘å¬æœåŠ¡å™¨[0må¯åŠ¨æˆåŠŸ, è€—æ—¶ 2,043 ms
2020-04-10 20:30:00.005 INFO [DefaultQuartzScheduler_Worker-1][RunApplication.java:21] - æ¯å‘¨é˜´ç•Œç»“æŸæé†’
2020-04-10 20:30:00.455 INFO [DefaultQuartzScheduler_Worker-1][RunApplication.java:21] - æ¯å‘¨é˜´ç•Œç»“æŸæé†’å®Œæˆ
2020-04-10 21:30:00.002 INFO [DefaultQuartzScheduler_Worker-2][RunApplication.java:21] - æ¯æ—¥é€¢é­”ç»“æŸæé†’
2020-04-10 21:30:00.477 INFO [DefaultQuartzScheduler_Worker-2][RunApplication.java:21] - æ¯å‘¨é€¢é­”ç»“æŸæé†’å®Œæˆ
